#
# A fatal error has been detected by the Java Runtime Environment:
#
#  EXCEPTION_ACCESS_VIOLATION (0xc0000005) at pc=0x00007ffcf2aa6f00, pid=31072, tid=21944
#
# JRE version: OpenJDK Runtime Environment (17.0.1+12) (build 17.0.1+12-39)
# Java VM: OpenJDK 64-Bit Server VM (17.0.1+12-39, mixed mode, sharing, tiered, compressed oops, compressed class ptrs, g1 gc, windows-amd64)
# Problematic frame:
# C  [glfw.dll+0x6f00]
#
# No core dump will be written. Minidumps are not enabled by default on client versions of Windows
#
# If you would like to submit a bug report, please visit:
#   https://bugreport.java.com/bugreport/crash.jsp
# The crash happened outside the Java Virtual Machine in native code.
# See problematic frame for where to report the bug.
#

---------------  S U M M A R Y ------------

Command Line: --enable-preview -javaagent:C:\Users\Garrett\AppData\Local\JetBrains\Toolbox\apps\IDEA-C\ch-0\213.7172.25\lib\idea_rt.jar=49229:C:\Users\Garrett\AppData\Local\JetBrains\Toolbox\apps\IDEA-C\ch-0\213.7172.25\bin -Dfile.encoding=UTF-8 com.floober.engine.test.tests.MultiWindowTest

Host: AMD Ryzen 9 5900X 12-Core Processor            , 24 cores, 31G,  Windows 10 , 64 bit Build 19041 (10.0.19041.1348)
Time: Mon Mar 21 00:00:34 2022 Pacific Daylight Time elapsed time: 102.170334 seconds (0d 0h 1m 42s)

---------------  T H R E A D  ---------------

Current thread (0x00000299dad23890):  JavaThread "main" [_thread_in_native, id=21944, stack(0x000000c9bfa00000,0x000000c9bfb00000)]

Stack: [0x000000c9bfa00000,0x000000c9bfb00000],  sp=0x000000c9bfaff260,  free space=1020k
Native frames: (J=compiled Java code, j=interpreted, Vv=VM code, C=native code)
C  [glfw.dll+0x6f00]

Java frames: (J=compiled Java code, j=interpreted, Vv=VM code)
J 1450  org.lwjgl.system.JNI.invokePV(JJ)V (0 bytes) @ 0x00000299ea1306ec [0x00000299ea1306a0+0x000000000000004c]
j  org.lwjgl.glfw.GLFW.glfwDestroyWindow(J)V+6
j  com.floober.engine.core.renderEngine.display.DisplayManager.destroyWindows()V+52
j  com.floober.engine.core.renderEngine.display.DisplayManager.cleanUp()V+3
j  com.floober.engine.test.tests.MultiWindowTest.main([Ljava/lang/String;)V+419
v  ~StubRoutines::call_stub

siginfo: EXCEPTION_ACCESS_VIOLATION (0xc0000005), reading address 0x0000000000000000


Register to memory mapping:

RIP=0x00007ffcf2aa6f00 glfw.dll
RAX=0x0 is NULL
RBX=0x0000029990d0bfa0 points into unknown readable memory: 0x0000029988a43870 | 70 38 a4 88 99 02 00 00
RCX=0x0 is NULL
RDX=0x00007ffcf2af7000 glfw.dll
RSP=0x000000c9bfaff260 is pointing into the stack for thread: 0x00000299dad23890
RBP=0x000000c9bfaff2f0 is pointing into the stack for thread: 0x00000299dad23890
RSI=0x000000061e808da8 is an oop: java.util.HashMap 
{0x000000061e808da8} - klass: 'java/util/HashMap'
 - ---- fields (total size 6 words):
 - transient 'keySet' 'Ljava/util/Set;' @12  a 'java/util/HashMap$KeySet'{0x000000061dc869e8} (c3b90d3d)
 - transient 'values' 'Ljava/util/Collection;' @16  NULL (0)
 - transient 'size' 'I' @20  8
 - transient 'modCount' 'I' @24  8
 - 'threshold' 'I' @28  12 (c)
 - final 'loadFactor' 'F' @32  0.750000 (3f400000)
 - transient 'table' '[Ljava/util/HashMap$Node;' @36  a 'java/util/HashMap$Node'[16] {0x000000061e92fa30} (c3d25f46)
 - transient 'entrySet' 'Ljava/util/Set;' @40  NULL (0)
RDI=0x000002998902d628 is pointing into metadata
R8 =0x000000c9bfaff228 is pointing into the stack for thread: 0x00000299dad23890
R9 =0x000000c9bfaff2f0 is pointing into the stack for thread: 0x00000299dad23890
R10=0x0 is NULL
R11=0x0000000000000246 is an unknown value
R12=0x0 is NULL
R13=0x000000c9bfaff310 is pointing into the stack for thread: 0x00000299dad23890
R14=0x000000c9bfaff2e0 is pointing into the stack for thread: 0x00000299dad23890
R15=0x00000299dad23890 is a thread


Registers:
RAX=0x0000000000000000, RBX=0x0000029990d0bfa0, RCX=0x0000000000000000, RDX=0x00007ffcf2af7000
RSP=0x000000c9bfaff260, RBP=0x000000c9bfaff2f0, RSI=0x000000061e808da8, RDI=0x000002998902d628
R8 =0x000000c9bfaff228, R9 =0x000000c9bfaff2f0, R10=0x0000000000000000, R11=0x0000000000000246
R12=0x0000000000000000, R13=0x000000c9bfaff310, R14=0x000000c9bfaff2e0, R15=0x00000299dad23890
RIP=0x00007ffcf2aa6f00, EFLAGS=0x0000000000010287

Top of Stack: (sp=0x000000c9bfaff260)
0x000000c9bfaff260:   0000029990d0bfa0 000000061e92fa30
0x000000c9bfaff270:   000000c9bfaff270 0000029988aac120
0x000000c9bfaff280:   00000299894bed70 00000299ea13078c
0x000000c9bfaff290:   0000000000000000 0000000600000000
0x000000c9bfaff2a0:   00000299dad23890 0000000000000010
0x000000c9bfaff2b0:   000000061e92fa30 00007ffc656e7149
0x000000c9bfaff2c0:   00000299dad23890 00007ffc656e7097
0x000000c9bfaff2d0:   00000000000004d1 000000061e92faf0
0x000000c9bfaff2e0:   000000061e972758 00000299e2c89882
0x000000c9bfaff2f0:   000000c9bfaff378 00000299e25294fe
0x000000c9bfaff300:   3ff0000000000000 00000299e25294fe
0x000000c9bfaff310:   00007ffcf2aa6e50 0000000000000000
0x000000c9bfaff320:   0000029990d0bfa0 0000000000000000
0x000000c9bfaff330:   000000c9bfaff330 000002998949a626
0x000000c9bfaff340:   000000c9bfaff3a0 00000299894a5998
0x000000c9bfaff350:   000002999ad8eaf8 000000061e993180 

Instructions: (pc=0x00007ffcf2aa6f00)
0x00007ffcf2aa6e00:   18 00 00 00 66 0f 6f 05 b4 e7 03 00 f3 0f 7f 05
0x00007ffcf2aa6e10:   0c fe 04 00 c7 05 16 fe 04 00 08 00 00 00 c7 05
0x00007ffcf2aa6e20:   30 fe 04 00 01 00 00 00 c7 05 b6 01 05 00 ff ff
0x00007ffcf2aa6e30:   ff ff c7 05 68 fe 04 00 01 00 00 00 48 83 c4 28
0x00007ffcf2aa6e40:   c3 cc cc cc cc cc cc cc cc cc cc cc cc cc cc cc
0x00007ffcf2aa6e50:   40 53 48 83 ec 20 83 3d 33 fb 04 00 00 48 8b d9
0x00007ffcf2aa6e60:   75 11 33 d2 b9 01 00 01 00 48 83 c4 20 5b e9 bd
0x00007ffcf2aa6e70:   af ff ff 48 85 db 0f 84 a5 00 00 00 0f 57 c0 33
0x00007ffcf2aa6e80:   c0 0f 11 81 d0 02 00 00 0f 11 81 e0 02 00 00 0f
0x00007ffcf2aa6e90:   11 81 f0 02 00 00 0f 11 81 00 03 00 00 0f 11 81
0x00007ffcf2aa6ea0:   10 03 00 00 0f 11 81 20 03 00 00 0f 11 81 30 03
0x00007ffcf2aa6eb0:   00 00 0f 11 81 40 03 00 00 48 89 81 50 03 00 00
0x00007ffcf2aa6ec0:   48 8d 0d 65 13 05 00 e8 b4 41 00 00 48 3b d8 75
0x00007ffcf2aa6ed0:   07 33 c9 e8 a8 ad ff ff 48 8b cb ff 15 c7 fb 04
0x00007ffcf2aa6ee0:   00 48 8b 0d 18 01 05 00 48 8d 15 11 01 05 00 48
0x00007ffcf2aa6ef0:   3b cb 74 1a 0f 1f 40 00 0f 1f 84 00 00 00 00 00
0x00007ffcf2aa6f00:   48 8b 01 48 8b d1 48 8b c8 48 3b c3 75 f2 48 8b
0x00007ffcf2aa6f10:   03 48 8b cb 48 89 02 48 83 c4 20 5b e9 7f b4 ff
0x00007ffcf2aa6f20:   ff 48 83 c4 20 5b c3 cc cc cc cc cc cc cc cc cc
0x00007ffcf2aa6f30:   83 3d 59 fa 04 00 00 75 0c 33 d2 b9 01 00 01 00
0x00007ffcf2aa6f40:   e9 eb ae ff ff 48 ff 25 ec fb 04 00 cc cc cc cc
0x00007ffcf2aa6f50:   33 c0 48 85 d2 74 02 89 02 4d 85 c0 74 03 41 89
0x00007ffcf2aa6f60:   00 39 05 29 fa 04 00 75 0c 33 d2 b9 01 00 01 00
0x00007ffcf2aa6f70:   e9 bb ae ff ff 48 ff 25 74 fb 04 00 cc cc cc cc
0x00007ffcf2aa6f80:   48 83 ec 28 83 3d 05 fa 04 00 00 75 13 33 d2 b9
0x00007ffcf2aa6f90:   01 00 01 00 e8 97 ae ff ff 33 c0 48 83 c4 28 c3
0x00007ffcf2aa6fa0:   81 fa 10 10 02 00 0f 8f a5 00 00 00 0f 84 97 00
0x00007ffcf2aa6fb0:   00 00 8d 82 ff ff fd ff 83 f8 0c 0f 87 2e 01 00
0x00007ffcf2aa6fc0:   00 48 98 4c 8d 05 36 90 ff ff 41 8b 84 80 0c 71
0x00007ffcf2aa6fd0:   00 00 49 03 c0 ff e0 48 83 c4 28 48 ff 25 66 fb
0x00007ffcf2aa6fe0:   04 00 48 83 c4 28 48 ff 25 63 fb 04 00 48 83 c4
0x00007ffcf2aa6ff0:   28 48 ff 25 60 fb 04 00 48 83 c4 28 48 ff 25 5d 


Stack slot to memory mapping:
stack at sp + 0 slots: 0x0000029990d0bfa0 points into unknown readable memory: 0x0000029988a43870 | 70 38 a4 88 99 02 00 00
stack at sp + 1 slots: 0x000000061e92fa30 is an oop: [Ljava.util.HashMap$Node; 
{0x000000061e92fa30} - klass: 'java/util/HashMap$Node'[]
 - length: 16
stack at sp + 2 slots: 0x000000c9bfaff270 is pointing into the stack for thread: 0x00000299dad23890
stack at sp + 3 slots: 0x0000029988aac120 points into unknown readable memory: 0x0000029988a61190 | 90 11 a6 88 99 02 00 00
stack at sp + 4 slots: {method} {0x00000299894bed78} 'invokePV' '(JJ)V' in 'org/lwjgl/system/JNI'
stack at sp + 5 slots: 0x00000299ea13078c is at entry_point+236 in (nmethod*)0x00000299ea130510
stack at sp + 6 slots: 0x0 is NULL
stack at sp + 7 slots: 0x0000000600000000 is an unknown value


---------------  P R O C E S S  ---------------

Threads class SMR info:
_java_thread_list=0x0000029990a2fd10, length=13, elements={
0x00000299dad23890, 0x00000299886d0f80, 0x00000299886d3e00, 0x00000299886e5c40,
0x00000299886e7800, 0x00000299886eaae0, 0x00000299886f34a0, 0x00000299886f7ea0,
0x00000299886f9160, 0x0000029988704b50, 0x0000029988a95a70, 0x0000029988c73c80,
0x0000029988c74150
}

Java Threads: ( => current thread )
=>0x00000299dad23890 JavaThread "main" [_thread_in_native, id=21944, stack(0x000000c9bfa00000,0x000000c9bfb00000)]
  0x00000299886d0f80 JavaThread "Reference Handler" daemon [_thread_blocked, id=22604, stack(0x000000c9c0100000,0x000000c9c0200000)]
  0x00000299886d3e00 JavaThread "Finalizer" daemon [_thread_blocked, id=40072, stack(0x000000c9c0200000,0x000000c9c0300000)]
  0x00000299886e5c40 JavaThread "Signal Dispatcher" daemon [_thread_blocked, id=35852, stack(0x000000c9c0300000,0x000000c9c0400000)]
  0x00000299886e7800 JavaThread "Attach Listener" daemon [_thread_blocked, id=34876, stack(0x000000c9c0400000,0x000000c9c0500000)]
  0x00000299886eaae0 JavaThread "Service Thread" daemon [_thread_blocked, id=34744, stack(0x000000c9c0500000,0x000000c9c0600000)]
  0x00000299886f34a0 JavaThread "Monitor Deflation Thread" daemon [_thread_blocked, id=10660, stack(0x000000c9c0600000,0x000000c9c0700000)]
  0x00000299886f7ea0 JavaThread "C2 CompilerThread0" daemon [_thread_blocked, id=36836, stack(0x000000c9c0700000,0x000000c9c0800000)]
  0x00000299886f9160 JavaThread "C1 CompilerThread0" daemon [_thread_blocked, id=15240, stack(0x000000c9c0800000,0x000000c9c0900000)]
  0x0000029988704b50 JavaThread "Sweeper thread" daemon [_thread_blocked, id=21312, stack(0x000000c9c0900000,0x000000c9c0a00000)]
  0x0000029988a95a70 JavaThread "Common-Cleaner" daemon [_thread_blocked, id=29792, stack(0x000000c9c0a00000,0x000000c9c0b00000)]
  0x0000029988c73c80 JavaThread "Monitor Ctrl-Break" daemon [_thread_in_native, id=10200, stack(0x000000c9c0e00000,0x000000c9c0f00000)]
  0x0000029988c74150 JavaThread "Notification Thread" daemon [_thread_blocked, id=20928, stack(0x000000c9c0f00000,0x000000c9c1000000)]

Other Threads:
  0x00000299886cd390 VMThread "VM Thread" [stack: 0x000000c9c0000000,0x000000c9c0100000] [id=5416]
  0x0000029988517190 WatcherThread [stack: 0x000000c9c1000000,0x000000c9c1100000] [id=6424]
  0x00000299dada31f0 GCTaskThread "GC Thread#0" [stack: 0x000000c9bfb00000,0x000000c9bfc00000] [id=6972]
  0x0000029990f2b430 GCTaskThread "GC Thread#1" [stack: 0x000000c9c1a00000,0x000000c9c1b00000] [id=20932]
  0x0000029990e1c790 GCTaskThread "GC Thread#2" [stack: 0x000000c9c1b00000,0x000000c9c1c00000] [id=23852]
  0x0000029990e1ca40 GCTaskThread "GC Thread#3" [stack: 0x000000c9c1c00000,0x000000c9c1d00000] [id=40560]
  0x0000029990e1ccf0 GCTaskThread "GC Thread#4" [stack: 0x000000c9c1d00000,0x000000c9c1e00000] [id=17440]
  0x00000299909f17e0 GCTaskThread "GC Thread#5" [stack: 0x000000c9c1e00000,0x000000c9c1f00000] [id=11276]
  0x0000029990b7bcb0 GCTaskThread "GC Thread#6" [stack: 0x000000c9c1f00000,0x000000c9c2000000] [id=24832]
  0x0000029990b7bf60 GCTaskThread "GC Thread#7" [stack: 0x000000c9c2000000,0x000000c9c2100000] [id=23024]
  0x0000029990b7c210 GCTaskThread "GC Thread#8" [stack: 0x000000c9c2100000,0x000000c9c2200000] [id=33188]
  0x0000029990b7c4c0 GCTaskThread "GC Thread#9" [stack: 0x000000c9c2200000,0x000000c9c2300000] [id=8020]
  0x0000029990aa6710 GCTaskThread "GC Thread#10" [stack: 0x000000c9c2300000,0x000000c9c2400000] [id=39364]
  0x0000029990aa6e40 GCTaskThread "GC Thread#11" [stack: 0x000000c9c2400000,0x000000c9c2500000] [id=18264]
  0x00000299dad45b00 ConcurrentGCThread "G1 Main Marker" [stack: 0x000000c9bfc00000,0x000000c9bfd00000] [id=36296]
  0x00000299dadb4890 ConcurrentGCThread "G1 Conc#0" [stack: 0x000000c9bfd00000,0x000000c9bfe00000] [id=9124]
  0x00000299dadfec70 ConcurrentGCThread "G1 Refine#0" [stack: 0x000000c9bfe00000,0x000000c9bff00000] [id=25180]
  0x000002998860b900 ConcurrentGCThread "G1 Service" [stack: 0x000000c9bff00000,0x000000c9c0000000] [id=20744]

Threads with active compile tasks:

VM state: not at safepoint (normal execution)

VM Mutex/Monitor currently owned by a thread: None

Heap address: 0x0000000601000000, size: 8176 MB, Compressed Oops mode: Zero based, Oop shift amount: 3

CDS archive(s) mapped at: [0x0000000800000000-0x0000000800bc0000-0x0000000800bc0000), size 12320768, SharedBaseAddress: 0x0000000800000000, ArchiveRelocationMode: 0.
Compressed class space mapped at: 0x0000000800c00000-0x0000000840c00000, reserved size: 1073741824
Narrow klass base: 0x0000000800000000, Narrow klass shift: 0, Narrow klass range: 0x100000000

GC Precious Log:
 CPUs: 24 total, 24 available
 Memory: 32692M
 Large Page Support: Disabled
 NUMA Support: Disabled
 Compressed Oops: Enabled (Zero based)
 Heap Region Size: 4M
 Heap Min Capacity: 8M
 Heap Initial Capacity: 512M
 Heap Max Capacity: 8176M
 Pre-touch: Disabled
 Parallel Workers: 18
 Concurrent Workers: 5
 Concurrent Refinement Workers: 18
 Periodic GC: Disabled

Heap:
 garbage-first heap   total 524288K, used 48930K [0x0000000601000000, 0x0000000800000000)
  region size 4096K, 13 young (53248K), 1 survivors (4096K)
 Metaspace       used 8430K, committed 8704K, reserved 1064960K
  class space    used 473K, committed 576K, reserved 1048576K

Heap Regions: E=young(eden), S=young(survivor), O=old, HS=humongous(starts), HC=humongous(continues), CS=collection set, F=free, OA=open archive, CA=closed archive, TAMS=top-at-mark-start (previous, next)
|   0|0x0000000601000000, 0x0000000601000000, 0x0000000601400000|  0%| F|  |TAMS 0x0000000601000000, 0x0000000601000000| Untracked 
|   1|0x0000000601400000, 0x0000000601400000, 0x0000000601800000|  0%| F|  |TAMS 0x0000000601400000, 0x0000000601400000| Untracked 
|   2|0x0000000601800000, 0x0000000601800000, 0x0000000601c00000|  0%| F|  |TAMS 0x0000000601800000, 0x0000000601800000| Untracked 
|   3|0x0000000601c00000, 0x0000000601c00000, 0x0000000602000000|  0%| F|  |TAMS 0x0000000601c00000, 0x0000000601c00000| Untracked 
|   4|0x0000000602000000, 0x0000000602000000, 0x0000000602400000|  0%| F|  |TAMS 0x0000000602000000, 0x0000000602000000| Untracked 
|   5|0x0000000602400000, 0x0000000602400000, 0x0000000602800000|  0%| F|  |TAMS 0x0000000602400000, 0x0000000602400000| Untracked 
|   6|0x0000000602800000, 0x0000000602800000, 0x0000000602c00000|  0%| F|  |TAMS 0x0000000602800000, 0x0000000602800000| Untracked 
|   7|0x0000000602c00000, 0x0000000602c00000, 0x0000000603000000|  0%| F|  |TAMS 0x0000000602c00000, 0x0000000602c00000| Untracked 
|   8|0x0000000603000000, 0x0000000603000000, 0x0000000603400000|  0%| F|  |TAMS 0x0000000603000000, 0x0000000603000000| Untracked 
|   9|0x0000000603400000, 0x0000000603400000, 0x0000000603800000|  0%| F|  |TAMS 0x0000000603400000, 0x0000000603400000| Untracked 
|  10|0x0000000603800000, 0x0000000603800000, 0x0000000603c00000|  0%| F|  |TAMS 0x0000000603800000, 0x0000000603800000| Untracked 
|  11|0x0000000603c00000, 0x0000000603c00000, 0x0000000604000000|  0%| F|  |TAMS 0x0000000603c00000, 0x0000000603c00000| Untracked 
|  12|0x0000000604000000, 0x0000000604000000, 0x0000000604400000|  0%| F|  |TAMS 0x0000000604000000, 0x0000000604000000| Untracked 
|  13|0x0000000604400000, 0x0000000604400000, 0x0000000604800000|  0%| F|  |TAMS 0x0000000604400000, 0x0000000604400000| Untracked 
|  14|0x0000000604800000, 0x0000000604800000, 0x0000000604c00000|  0%| F|  |TAMS 0x0000000604800000, 0x0000000604800000| Untracked 
|  15|0x0000000604c00000, 0x0000000604c00000, 0x0000000605000000|  0%| F|  |TAMS 0x0000000604c00000, 0x0000000604c00000| Untracked 
|  16|0x0000000605000000, 0x0000000605000000, 0x0000000605400000|  0%| F|  |TAMS 0x0000000605000000, 0x0000000605000000| Untracked 
|  17|0x0000000605400000, 0x0000000605400000, 0x0000000605800000|  0%| F|  |TAMS 0x0000000605400000, 0x0000000605400000| Untracked 
|  18|0x0000000605800000, 0x0000000605800000, 0x0000000605c00000|  0%| F|  |TAMS 0x0000000605800000, 0x0000000605800000| Untracked 
|  19|0x0000000605c00000, 0x0000000605c00000, 0x0000000606000000|  0%| F|  |TAMS 0x0000000605c00000, 0x0000000605c00000| Untracked 
|  20|0x0000000606000000, 0x0000000606000000, 0x0000000606400000|  0%| F|  |TAMS 0x0000000606000000, 0x0000000606000000| Untracked 
|  21|0x0000000606400000, 0x0000000606400000, 0x0000000606800000|  0%| F|  |TAMS 0x0000000606400000, 0x0000000606400000| Untracked 
|  22|0x0000000606800000, 0x0000000606800000, 0x0000000606c00000|  0%| F|  |TAMS 0x0000000606800000, 0x0000000606800000| Untracked 
|  23|0x0000000606c00000, 0x0000000606c00000, 0x0000000607000000|  0%| F|  |TAMS 0x0000000606c00000, 0x0000000606c00000| Untracked 
|  24|0x0000000607000000, 0x0000000607000000, 0x0000000607400000|  0%| F|  |TAMS 0x0000000607000000, 0x0000000607000000| Untracked 
|  25|0x0000000607400000, 0x0000000607400000, 0x0000000607800000|  0%| F|  |TAMS 0x0000000607400000, 0x0000000607400000| Untracked 
|  26|0x0000000607800000, 0x0000000607800000, 0x0000000607c00000|  0%| F|  |TAMS 0x0000000607800000, 0x0000000607800000| Untracked 
|  27|0x0000000607c00000, 0x0000000607c00000, 0x0000000608000000|  0%| F|  |TAMS 0x0000000607c00000, 0x0000000607c00000| Untracked 
|  28|0x0000000608000000, 0x0000000608000000, 0x0000000608400000|  0%| F|  |TAMS 0x0000000608000000, 0x0000000608000000| Untracked 
|  29|0x0000000608400000, 0x0000000608400000, 0x0000000608800000|  0%| F|  |TAMS 0x0000000608400000, 0x0000000608400000| Untracked 
|  30|0x0000000608800000, 0x0000000608800000, 0x0000000608c00000|  0%| F|  |TAMS 0x0000000608800000, 0x0000000608800000| Untracked 
|  31|0x0000000608c00000, 0x0000000608c00000, 0x0000000609000000|  0%| F|  |TAMS 0x0000000608c00000, 0x0000000608c00000| Untracked 
|  32|0x0000000609000000, 0x0000000609000000, 0x0000000609400000|  0%| F|  |TAMS 0x0000000609000000, 0x0000000609000000| Untracked 
|  33|0x0000000609400000, 0x0000000609400000, 0x0000000609800000|  0%| F|  |TAMS 0x0000000609400000, 0x0000000609400000| Untracked 
|  34|0x0000000609800000, 0x0000000609800000, 0x0000000609c00000|  0%| F|  |TAMS 0x0000000609800000, 0x0000000609800000| Untracked 
|  35|0x0000000609c00000, 0x0000000609c00000, 0x000000060a000000|  0%| F|  |TAMS 0x0000000609c00000, 0x0000000609c00000| Untracked 
|  36|0x000000060a000000, 0x000000060a000000, 0x000000060a400000|  0%| F|  |TAMS 0x000000060a000000, 0x000000060a000000| Untracked 
|  37|0x000000060a400000, 0x000000060a400000, 0x000000060a800000|  0%| F|  |TAMS 0x000000060a400000, 0x000000060a400000| Untracked 
|  38|0x000000060a800000, 0x000000060a800000, 0x000000060ac00000|  0%| F|  |TAMS 0x000000060a800000, 0x000000060a800000| Untracked 
|  39|0x000000060ac00000, 0x000000060ac00000, 0x000000060b000000|  0%| F|  |TAMS 0x000000060ac00000, 0x000000060ac00000| Untracked 
|  40|0x000000060b000000, 0x000000060b000000, 0x000000060b400000|  0%| F|  |TAMS 0x000000060b000000, 0x000000060b000000| Untracked 
|  41|0x000000060b400000, 0x000000060b400000, 0x000000060b800000|  0%| F|  |TAMS 0x000000060b400000, 0x000000060b400000| Untracked 
|  42|0x000000060b800000, 0x000000060b800000, 0x000000060bc00000|  0%| F|  |TAMS 0x000000060b800000, 0x000000060b800000| Untracked 
|  43|0x000000060bc00000, 0x000000060bc00000, 0x000000060c000000|  0%| F|  |TAMS 0x000000060bc00000, 0x000000060bc00000| Untracked 
|  44|0x000000060c000000, 0x000000060c000000, 0x000000060c400000|  0%| F|  |TAMS 0x000000060c000000, 0x000000060c000000| Untracked 
|  45|0x000000060c400000, 0x000000060c400000, 0x000000060c800000|  0%| F|  |TAMS 0x000000060c400000, 0x000000060c400000| Untracked 
|  46|0x000000060c800000, 0x000000060c800000, 0x000000060cc00000|  0%| F|  |TAMS 0x000000060c800000, 0x000000060c800000| Untracked 
|  47|0x000000060cc00000, 0x000000060cc00000, 0x000000060d000000|  0%| F|  |TAMS 0x000000060cc00000, 0x000000060cc00000| Untracked 
|  48|0x000000060d000000, 0x000000060d000000, 0x000000060d400000|  0%| F|  |TAMS 0x000000060d000000, 0x000000060d000000| Untracked 
|  49|0x000000060d400000, 0x000000060d400000, 0x000000060d800000|  0%| F|  |TAMS 0x000000060d400000, 0x000000060d400000| Untracked 
|  50|0x000000060d800000, 0x000000060d800000, 0x000000060dc00000|  0%| F|  |TAMS 0x000000060d800000, 0x000000060d800000| Untracked 
|  51|0x000000060dc00000, 0x000000060dc00000, 0x000000060e000000|  0%| F|  |TAMS 0x000000060dc00000, 0x000000060dc00000| Untracked 
|  52|0x000000060e000000, 0x000000060e000000, 0x000000060e400000|  0%| F|  |TAMS 0x000000060e000000, 0x000000060e000000| Untracked 
|  53|0x000000060e400000, 0x000000060e400000, 0x000000060e800000|  0%| F|  |TAMS 0x000000060e400000, 0x000000060e400000| Untracked 
|  54|0x000000060e800000, 0x000000060e800000, 0x000000060ec00000|  0%| F|  |TAMS 0x000000060e800000, 0x000000060e800000| Untracked 
|  55|0x000000060ec00000, 0x000000060ec00000, 0x000000060f000000|  0%| F|  |TAMS 0x000000060ec00000, 0x000000060ec00000| Untracked 
|  56|0x000000060f000000, 0x000000060f000000, 0x000000060f400000|  0%| F|  |TAMS 0x000000060f000000, 0x000000060f000000| Untracked 
|  57|0x000000060f400000, 0x000000060f400000, 0x000000060f800000|  0%| F|  |TAMS 0x000000060f400000, 0x000000060f400000| Untracked 
|  58|0x000000060f800000, 0x000000060f800000, 0x000000060fc00000|  0%| F|  |TAMS 0x000000060f800000, 0x000000060f800000| Untracked 
|  59|0x000000060fc00000, 0x000000060fc00000, 0x0000000610000000|  0%| F|  |TAMS 0x000000060fc00000, 0x000000060fc00000| Untracked 
|  60|0x0000000610000000, 0x0000000610000000, 0x0000000610400000|  0%| F|  |TAMS 0x0000000610000000, 0x0000000610000000| Untracked 
|  61|0x0000000610400000, 0x0000000610400000, 0x0000000610800000|  0%| F|  |TAMS 0x0000000610400000, 0x0000000610400000| Untracked 
|  62|0x0000000610800000, 0x0000000610800000, 0x0000000610c00000|  0%| F|  |TAMS 0x0000000610800000, 0x0000000610800000| Untracked 
|  63|0x0000000610c00000, 0x0000000610c00000, 0x0000000611000000|  0%| F|  |TAMS 0x0000000610c00000, 0x0000000610c00000| Untracked 
|  64|0x0000000611000000, 0x0000000611000000, 0x0000000611400000|  0%| F|  |TAMS 0x0000000611000000, 0x0000000611000000| Untracked 
|  65|0x0000000611400000, 0x0000000611400000, 0x0000000611800000|  0%| F|  |TAMS 0x0000000611400000, 0x0000000611400000| Untracked 
|  66|0x0000000611800000, 0x0000000611800000, 0x0000000611c00000|  0%| F|  |TAMS 0x0000000611800000, 0x0000000611800000| Untracked 
|  67|0x0000000611c00000, 0x0000000611c00000, 0x0000000612000000|  0%| F|  |TAMS 0x0000000611c00000, 0x0000000611c00000| Untracked 
|  68|0x0000000612000000, 0x0000000612000000, 0x0000000612400000|  0%| F|  |TAMS 0x0000000612000000, 0x0000000612000000| Untracked 
|  69|0x0000000612400000, 0x0000000612400000, 0x0000000612800000|  0%| F|  |TAMS 0x0000000612400000, 0x0000000612400000| Untracked 
|  70|0x0000000612800000, 0x0000000612800000, 0x0000000612c00000|  0%| F|  |TAMS 0x0000000612800000, 0x0000000612800000| Untracked 
|  71|0x0000000612c00000, 0x0000000612c00000, 0x0000000613000000|  0%| F|  |TAMS 0x0000000612c00000, 0x0000000612c00000| Untracked 
|  72|0x0000000613000000, 0x0000000613000000, 0x0000000613400000|  0%| F|  |TAMS 0x0000000613000000, 0x0000000613000000| Untracked 
|  73|0x0000000613400000, 0x0000000613400000, 0x0000000613800000|  0%| F|  |TAMS 0x0000000613400000, 0x0000000613400000| Untracked 
|  74|0x0000000613800000, 0x0000000613800000, 0x0000000613c00000|  0%| F|  |TAMS 0x0000000613800000, 0x0000000613800000| Untracked 
|  75|0x0000000613c00000, 0x0000000613c00000, 0x0000000614000000|  0%| F|  |TAMS 0x0000000613c00000, 0x0000000613c00000| Untracked 
|  76|0x0000000614000000, 0x0000000614000000, 0x0000000614400000|  0%| F|  |TAMS 0x0000000614000000, 0x0000000614000000| Untracked 
|  77|0x0000000614400000, 0x0000000614400000, 0x0000000614800000|  0%| F|  |TAMS 0x0000000614400000, 0x0000000614400000| Untracked 
|  78|0x0000000614800000, 0x0000000614800000, 0x0000000614c00000|  0%| F|  |TAMS 0x0000000614800000, 0x0000000614800000| Untracked 
|  79|0x0000000614c00000, 0x0000000614c00000, 0x0000000615000000|  0%| F|  |TAMS 0x0000000614c00000, 0x0000000614c00000| Untracked 
|  80|0x0000000615000000, 0x0000000615000000, 0x0000000615400000|  0%| F|  |TAMS 0x0000000615000000, 0x0000000615000000| Untracked 
|  81|0x0000000615400000, 0x0000000615400000, 0x0000000615800000|  0%| F|  |TAMS 0x0000000615400000, 0x0000000615400000| Untracked 
|  82|0x0000000615800000, 0x0000000615800000, 0x0000000615c00000|  0%| F|  |TAMS 0x0000000615800000, 0x0000000615800000| Untracked 
|  83|0x0000000615c00000, 0x0000000615c00000, 0x0000000616000000|  0%| F|  |TAMS 0x0000000615c00000, 0x0000000615c00000| Untracked 
|  84|0x0000000616000000, 0x0000000616000000, 0x0000000616400000|  0%| F|  |TAMS 0x0000000616000000, 0x0000000616000000| Untracked 
|  85|0x0000000616400000, 0x0000000616400000, 0x0000000616800000|  0%| F|  |TAMS 0x0000000616400000, 0x0000000616400000| Untracked 
|  86|0x0000000616800000, 0x0000000616800000, 0x0000000616c00000|  0%| F|  |TAMS 0x0000000616800000, 0x0000000616800000| Untracked 
|  87|0x0000000616c00000, 0x0000000616c00000, 0x0000000617000000|  0%| F|  |TAMS 0x0000000616c00000, 0x0000000616c00000| Untracked 
|  88|0x0000000617000000, 0x0000000617000000, 0x0000000617400000|  0%| F|  |TAMS 0x0000000617000000, 0x0000000617000000| Untracked 
|  89|0x0000000617400000, 0x0000000617400000, 0x0000000617800000|  0%| F|  |TAMS 0x0000000617400000, 0x0000000617400000| Untracked 
|  90|0x0000000617800000, 0x0000000617800000, 0x0000000617c00000|  0%| F|  |TAMS 0x0000000617800000, 0x0000000617800000| Untracked 
|  91|0x0000000617c00000, 0x0000000617c00000, 0x0000000618000000|  0%| F|  |TAMS 0x0000000617c00000, 0x0000000617c00000| Untracked 
|  92|0x0000000618000000, 0x0000000618000000, 0x0000000618400000|  0%| F|  |TAMS 0x0000000618000000, 0x0000000618000000| Untracked 
|  93|0x0000000618400000, 0x0000000618400000, 0x0000000618800000|  0%| F|  |TAMS 0x0000000618400000, 0x0000000618400000| Untracked 
|  94|0x0000000618800000, 0x0000000618800000, 0x0000000618c00000|  0%| F|  |TAMS 0x0000000618800000, 0x0000000618800000| Untracked 
|  95|0x0000000618c00000, 0x0000000618c00000, 0x0000000619000000|  0%| F|  |TAMS 0x0000000618c00000, 0x0000000618c00000| Untracked 
|  96|0x0000000619000000, 0x0000000619000000, 0x0000000619400000|  0%| F|  |TAMS 0x0000000619000000, 0x0000000619000000| Untracked 
|  97|0x0000000619400000, 0x0000000619400000, 0x0000000619800000|  0%| F|  |TAMS 0x0000000619400000, 0x0000000619400000| Untracked 
|  98|0x0000000619800000, 0x0000000619800000, 0x0000000619c00000|  0%| F|  |TAMS 0x0000000619800000, 0x0000000619800000| Untracked 
|  99|0x0000000619c00000, 0x0000000619c00000, 0x000000061a000000|  0%| F|  |TAMS 0x0000000619c00000, 0x0000000619c00000| Untracked 
| 100|0x000000061a000000, 0x000000061a000000, 0x000000061a400000|  0%| F|  |TAMS 0x000000061a000000, 0x000000061a000000| Untracked 
| 101|0x000000061a400000, 0x000000061a400000, 0x000000061a800000|  0%| F|  |TAMS 0x000000061a400000, 0x000000061a400000| Untracked 
| 102|0x000000061a800000, 0x000000061a800000, 0x000000061ac00000|  0%| F|  |TAMS 0x000000061a800000, 0x000000061a800000| Untracked 
| 103|0x000000061ac00000, 0x000000061ac00000, 0x000000061b000000|  0%| F|  |TAMS 0x000000061ac00000, 0x000000061ac00000| Untracked 
| 104|0x000000061b000000, 0x000000061b000000, 0x000000061b400000|  0%| F|  |TAMS 0x000000061b000000, 0x000000061b000000| Untracked 
| 105|0x000000061b400000, 0x000000061b400000, 0x000000061b800000|  0%| F|  |TAMS 0x000000061b400000, 0x000000061b400000| Untracked 
| 106|0x000000061b800000, 0x000000061b800000, 0x000000061bc00000|  0%| F|  |TAMS 0x000000061b800000, 0x000000061b800000| Untracked 
| 107|0x000000061bc00000, 0x000000061bc00000, 0x000000061c000000|  0%| F|  |TAMS 0x000000061bc00000, 0x000000061bc00000| Untracked 
| 108|0x000000061c000000, 0x000000061c000000, 0x000000061c400000|  0%| F|  |TAMS 0x000000061c000000, 0x000000061c000000| Untracked 
| 109|0x000000061c400000, 0x000000061c400000, 0x000000061c800000|  0%| F|  |TAMS 0x000000061c400000, 0x000000061c400000| Untracked 
| 110|0x000000061c800000, 0x000000061c800000, 0x000000061cc00000|  0%| F|  |TAMS 0x000000061c800000, 0x000000061c800000| Untracked 
| 111|0x000000061cc00000, 0x000000061cc00000, 0x000000061d000000|  0%| F|  |TAMS 0x000000061cc00000, 0x000000061cc00000| Untracked 
| 112|0x000000061d000000, 0x000000061d000000, 0x000000061d400000|  0%| F|  |TAMS 0x000000061d000000, 0x000000061d000000| Untracked 
| 113|0x000000061d400000, 0x000000061d400000, 0x000000061d800000|  0%| F|  |TAMS 0x000000061d400000, 0x000000061d400000| Untracked 
| 114|0x000000061d800000, 0x000000061d800000, 0x000000061dc00000|  0%| F|  |TAMS 0x000000061d800000, 0x000000061d800000| Untracked 
| 115|0x000000061dc00000, 0x000000061de00800, 0x000000061e000000| 50%| E|  |TAMS 0x000000061dc00000, 0x000000061dc00000| Complete 
| 116|0x000000061e000000, 0x000000061e400000, 0x000000061e400000|100%| E|CS|TAMS 0x000000061e000000, 0x000000061e000000| Complete 
| 117|0x000000061e400000, 0x000000061e800000, 0x000000061e800000|100%| E|CS|TAMS 0x000000061e400000, 0x000000061e400000| Complete 
| 118|0x000000061e800000, 0x000000061ebc8a58, 0x000000061ec00000| 94%| S|CS|TAMS 0x000000061e800000, 0x000000061e800000| Complete 
| 119|0x000000061ec00000, 0x000000061f000000, 0x000000061f000000|100%| E|CS|TAMS 0x000000061ec00000, 0x000000061ec00000| Complete 
| 120|0x000000061f000000, 0x000000061f400000, 0x000000061f400000|100%| E|CS|TAMS 0x000000061f000000, 0x000000061f000000| Complete 
| 121|0x000000061f400000, 0x000000061f800000, 0x000000061f800000|100%| E|CS|TAMS 0x000000061f400000, 0x000000061f400000| Complete 
| 122|0x000000061f800000, 0x000000061fc00000, 0x000000061fc00000|100%| E|CS|TAMS 0x000000061f800000, 0x000000061f800000| Complete 
| 123|0x000000061fc00000, 0x0000000620000000, 0x0000000620000000|100%| E|CS|TAMS 0x000000061fc00000, 0x000000061fc00000| Complete 
| 124|0x0000000620000000, 0x0000000620400000, 0x0000000620400000|100%| E|CS|TAMS 0x0000000620000000, 0x0000000620000000| Complete 
| 125|0x0000000620400000, 0x0000000620800000, 0x0000000620800000|100%| E|CS|TAMS 0x0000000620400000, 0x0000000620400000| Complete 
| 126|0x0000000620800000, 0x0000000620c00000, 0x0000000620c00000|100%| E|CS|TAMS 0x0000000620800000, 0x0000000620800000| Complete 
| 127|0x0000000620c00000, 0x0000000621000000, 0x0000000621000000|100%| E|CS|TAMS 0x0000000620c00000, 0x0000000620c00000| Complete 

Card table byte_map: [0x00000299f3300000,0x00000299f4300000] _byte_map_base: 0x00000299f02f8000

Marking Bits (Prev, Next): (CMBitMap*) 0x00000299dada3800, (CMBitMap*) 0x00000299dada3840
 Prev Bits: [0x00000299f5300000, 0x00000299fd2c0000)
 Next Bits: [0x0000029980000000, 0x0000029987fc0000)

Polling page: 0x00000299d88d0000

Metaspace:

Usage:
  Non-class:      7.77 MB used.
      Class:    473.67 KB used.
       Both:      8.23 MB used.

Virtual space:
  Non-class space:       16.00 MB reserved,       7.94 MB ( 50%) committed,  2 nodes.
      Class space:        1.00 GB reserved,     576.00 KB ( <1%) committed,  1 nodes.
             Both:        1.02 GB reserved,       8.50 MB ( <1%) committed. 

Chunk freelists:
   Non-Class:  2.41 MB
       Class:  3.38 MB
        Both:  5.79 MB

MaxMetaspaceSize: unlimited
CompressedClassSpaceSize: 1.00 GB
Initial GC threshold: 21.00 MB
Current GC threshold: 21.00 MB
CDS: on
MetaspaceReclaimPolicy: balanced
 - commit_granule_bytes: 65536.
 - commit_granule_words: 8192.
 - virtual_space_node_default_size: 1048576.
 - enlarge_chunks_in_place: 1.
 - new_chunks_are_fully_committed: 0.
 - uncommit_free_chunks: 1.
 - use_allocation_guard: 0.
 - handle_deallocations: 1.


Internal statistics:

num_allocs_failed_limit: 0.
num_arena_births: 230.
num_arena_deaths: 0.
num_vsnodes_births: 3.
num_vsnodes_deaths: 0.
num_space_committed: 134.
num_space_uncommitted: 0.
num_chunks_returned_to_freelist: 0.
num_chunks_taken_from_freelist: 503.
num_chunk_merges: 0.
num_chunk_splits: 342.
num_chunks_enlarged: 232.
num_purges: 0.
num_inconsistent_stats: 0.

CodeHeap 'non-profiled nmethods': size=119168Kb used=961Kb max_used=961Kb free=118206Kb
 bounds [0x00000299ea0c0000, 0x00000299ea330000, 0x00000299f1520000]
CodeHeap 'profiled nmethods': size=119104Kb used=3264Kb max_used=3264Kb free=115839Kb
 bounds [0x00000299e2c70000, 0x00000299e2fb0000, 0x00000299ea0c0000]
CodeHeap 'non-nmethods': size=7488Kb used=1679Kb max_used=3394Kb free=5808Kb
 bounds [0x00000299e2520000, 0x00000299e2880000, 0x00000299e2c70000]
 total_blobs=3117 nmethods=1986 adapters=1044
 compilation: enabled
              stopped_count=0, restarted_count=0
 full_count=0

Compilation events (20 events):
Event: 86.376 Thread 0x00000299886f9160 1977       3       java.lang.ref.ReferenceQueue::reallyPoll (65 bytes)
Event: 86.376 Thread 0x00000299886f9160 nmethod 1977 0x00000299e2f9ca90 code [0x00000299e2f9cc60, 0x00000299e2f9d1b8]
Event: 99.885 Thread 0x00000299886f7ea0 1978       4       com.floober.engine.core.renderEngine.display.DisplayManager::updateDisplay (121 bytes)
Event: 99.889 Thread 0x00000299886f7ea0 nmethod 1978 0x00000299ea1af690 code [0x00000299ea1af8c0, 0x00000299ea1afe00]
Event: 102.156 Thread 0x00000299886f9160 1979       3       java.lang.invoke.LambdaFormEditor$TransformKey::<init> (15 bytes)
Event: 102.156 Thread 0x00000299886f9160 nmethod 1979 0x00000299e2f9d290 code [0x00000299e2f9d420, 0x00000299e2f9d5b8]
Event: 102.156 Thread 0x00000299886f9160 1980   !   3       jdk.internal.misc.ScopedMemoryAccess::putInt (25 bytes)
Event: 102.157 Thread 0x00000299886f9160 nmethod 1980 0x00000299e2f9d690 code [0x00000299e2f9d880, 0x00000299e2f9ddf8]
Event: 102.157 Thread 0x00000299886f9160 1981   !   3       jdk.internal.misc.ScopedMemoryAccess::putIntInternal (37 bytes)
Event: 102.157 Thread 0x00000299886f9160 nmethod 1981 0x00000299e2f9e090 code [0x00000299e2f9e240, 0x00000299e2f9e568]
Event: 102.157 Thread 0x00000299886f9160 1984       3       jdk.internal.loader.NativeLibraries::find (72 bytes)
Event: 102.157 Thread 0x00000299886f9160 nmethod 1984 0x00000299e2f9e710 code [0x00000299e2f9e940, 0x00000299e2f9f1d8]
Event: 102.157 Thread 0x00000299886f9160 1982       3       java.util.concurrent.ConcurrentHashMap::isEmpty (15 bytes)
Event: 102.157 Thread 0x00000299886f7ea0 1985       4       jdk.internal.misc.Unsafe::allocateUninitializedArray (55 bytes)
Event: 102.157 Thread 0x00000299886f9160 nmethod 1982 0x00000299e2f9f490 code [0x00000299e2f9f640, 0x00000299e2f9f7e8]
Event: 102.157 Thread 0x00000299886f9160 1983       3       java.lang.ClassLoader::findNative (21 bytes)
Event: 102.157 Thread 0x00000299886f9160 nmethod 1983 0x00000299e2f9f890 code [0x00000299e2f9fa60, 0x00000299e2f9fc78]
Event: 102.157 Thread 0x00000299886f9160 1986       3       java.util.Collections$SetFromMap::add (22 bytes)
Event: 102.157 Thread 0x00000299886f9160 nmethod 1986 0x00000299e2f9fd90 code [0x00000299e2f9ff40, 0x00000299e2fa0188]
Event: 102.158 Thread 0x00000299886f7ea0 nmethod 1985 0x00000299ea1b0290 code [0x00000299ea1b0420, 0x00000299ea1b05d8]

GC Heap History (4 events):
Event: 0.733 GC heap before
{Heap before GC invocations=0 (full 0):
 garbage-first heap   total 524288K, used 24576K [0x0000000601000000, 0x0000000800000000)
  region size 4096K, 6 young (24576K), 0 survivors (0K)
 Metaspace       used 6133K, committed 6336K, reserved 1056768K
  class space    used 393K, committed 512K, reserved 1048576K
}
Event: 0.735 GC heap after
{Heap after GC invocations=1 (full 0):
 garbage-first heap   total 524288K, used 2626K [0x0000000601000000, 0x0000000800000000)
  region size 4096K, 1 young (4096K), 1 survivors (4096K)
 Metaspace       used 6133K, committed 6336K, reserved 1056768K
  class space    used 393K, committed 512K, reserved 1048576K
}
Event: 32.678 GC heap before
{Heap before GC invocations=1 (full 0):
 garbage-first heap   total 524288K, used 35394K [0x0000000601000000, 0x0000000800000000)
  region size 4096K, 9 young (36864K), 1 survivors (4096K)
 Metaspace       used 8385K, committed 8640K, reserved 1064960K
  class space    used 473K, committed 576K, reserved 1048576K
}
Event: 32.683 GC heap after
{Heap after GC invocations=2 (full 0):
 garbage-first heap   total 524288K, used 3874K [0x0000000601000000, 0x0000000800000000)
  region size 4096K, 1 young (4096K), 1 survivors (4096K)
 Metaspace       used 8385K, committed 8640K, reserved 1064960K
  class space    used 473K, committed 576K, reserved 1048576K
}

Deoptimization events (20 events):
Event: 54.839 Thread 0x00000299dad23890 DEOPT PACKING pc=0x00000299ea1a5358 sp=0x000000c9bfafee60
Event: 54.839 Thread 0x00000299dad23890 DEOPT UNPACKING pc=0x00000299e25723a3 sp=0x000000c9bfafedf8 mode 2
Event: 54.840 Thread 0x00000299dad23890 Uncommon trap: trap_request=0xffffffbe fr.pc=0x00000299ea1a5358 relative=0x0000000000000378
Event: 54.840 Thread 0x00000299dad23890 Uncommon trap: reason=profile_predicate action=maybe_recompile pc=0x00000299ea1a5358 method=org.lwjgl.system.MemoryUtil.memLengthUTF8(Ljava/lang/CharSequence;Z)I @ 25 c2
Event: 54.840 Thread 0x00000299dad23890 DEOPT PACKING pc=0x00000299ea1a5358 sp=0x000000c9bfafee60
Event: 54.840 Thread 0x00000299dad23890 DEOPT UNPACKING pc=0x00000299e25723a3 sp=0x000000c9bfafedf8 mode 2
Event: 54.840 Thread 0x00000299dad23890 Uncommon trap: trap_request=0xffffffbe fr.pc=0x00000299ea1a5358 relative=0x0000000000000378
Event: 54.840 Thread 0x00000299dad23890 Uncommon trap: reason=profile_predicate action=maybe_recompile pc=0x00000299ea1a5358 method=org.lwjgl.system.MemoryUtil.memLengthUTF8(Ljava/lang/CharSequence;Z)I @ 25 c2
Event: 54.840 Thread 0x00000299dad23890 DEOPT PACKING pc=0x00000299ea1a5358 sp=0x000000c9bfafee60
Event: 54.840 Thread 0x00000299dad23890 DEOPT UNPACKING pc=0x00000299e25723a3 sp=0x000000c9bfafedf8 mode 2
Event: 54.840 Thread 0x00000299dad23890 Uncommon trap: trap_request=0xffffffbe fr.pc=0x00000299ea1a5358 relative=0x0000000000000378
Event: 54.840 Thread 0x00000299dad23890 Uncommon trap: reason=profile_predicate action=maybe_recompile pc=0x00000299ea1a5358 method=org.lwjgl.system.MemoryUtil.memLengthUTF8(Ljava/lang/CharSequence;Z)I @ 25 c2
Event: 54.840 Thread 0x00000299dad23890 DEOPT PACKING pc=0x00000299ea1a5358 sp=0x000000c9bfafee60
Event: 54.840 Thread 0x00000299dad23890 DEOPT UNPACKING pc=0x00000299e25723a3 sp=0x000000c9bfafedf8 mode 2
Event: 54.841 Thread 0x00000299dad23890 DEOPT PACKING pc=0x00000299e2f477f4 sp=0x000000c9bfafee00
Event: 54.841 Thread 0x00000299dad23890 DEOPT UNPACKING pc=0x00000299e2572b43 sp=0x000000c9bfafe2e0 mode 0
Event: 54.846 Thread 0x00000299dad23890 DEOPT PACKING pc=0x00000299e2f477f4 sp=0x000000c9bfafee20
Event: 54.846 Thread 0x00000299dad23890 DEOPT UNPACKING pc=0x00000299e2572b43 sp=0x000000c9bfafe300 mode 0
Event: 66.078 Thread 0x00000299dad23890 DEOPT PACKING pc=0x00000299e2f3631f sp=0x000000c9bfafbcf0
Event: 66.078 Thread 0x00000299dad23890 DEOPT UNPACKING pc=0x00000299e2572b43 sp=0x000000c9bfafb258 mode 0

Classes unloaded (0 events):
No events

Classes redefined (0 events):
No events

Internal exceptions (20 events):
Event: 0.126 Thread 0x00000299dad23890 Exception <a 'java/lang/NoSuchMethodError'{0x0000000620a901a8}: 'java.lang.Object java.lang.invoke.DirectMethodHandle$Holder.newInvokeSpecial(java.lang.Object, java.lang.Object, int)'> (0x0000000620a901a8) 
thrown [t:\workspace\open\src\hotspot\share\interpreter\linkResolver.cpp, line 766]
Event: 0.127 Thread 0x00000299dad23890 Exception <a 'java/lang/NoSuchMethodError'{0x0000000620a9eff0}: 'int java.lang.invoke.DirectMethodHandle$Holder.invokeStaticInit(java.lang.Object, java.lang.Object, long, long)'> (0x0000000620a9eff0) 
thrown [t:\workspace\open\src\hotspot\share\interpreter\linkResolver.cpp, line 766]
Event: 0.128 Thread 0x00000299dad23890 Exception <a 'java/lang/NoSuchMethodError'{0x0000000620aa5100}: 'java.lang.Object java.lang.invoke.DirectMethodHandle$Holder.newInvokeSpecial(java.lang.Object, java.lang.Object, long)'> (0x0000000620aa5100) 
thrown [t:\workspace\open\src\hotspot\share\interpreter\linkResolver.cpp, line 766]
Event: 0.128 Thread 0x00000299dad23890 Exception <a 'java/lang/NoSuchMethodError'{0x0000000620aa9148}: 'java.lang.Object java.lang.invoke.Invokers$Holder.linkToTargetMethod(java.lang.Object, long, java.lang.Object)'> (0x0000000620aa9148) 
thrown [t:\workspace\open\src\hotspot\share\interpreter\linkResolver.cpp, line 766]
Event: 0.129 Thread 0x00000299dad23890 Exception <a 'java/lang/NoSuchMethodError'{0x0000000620ab0860}: 'int java.lang.invoke.DirectMethodHandle$Holder.invokeStaticInit(java.lang.Object, java.lang.Object, java.lang.Object, long)'> (0x0000000620ab0860) 
thrown [t:\workspace\open\src\hotspot\share\interpreter\linkResolver.cpp, line 766]
Event: 0.141 Thread 0x00000299dad23890 Exception <a 'sun/nio/fs/WindowsException'{0x0000000620b4c4e8}> (0x0000000620b4c4e8) 
thrown [t:\workspace\open\src\hotspot\share\prims\jni.cpp, line 516]
Event: 0.142 Thread 0x00000299dad23890 Exception <a 'sun/nio/fs/WindowsException'{0x0000000620b4c870}> (0x0000000620b4c870) 
thrown [t:\workspace\open\src\hotspot\share\prims\jni.cpp, line 516]
Event: 0.414 Thread 0x00000299dad23890 Exception <a 'sun/nio/fs/WindowsException'{0x0000000620bf49e0}> (0x0000000620bf49e0) 
thrown [t:\workspace\open\src\hotspot\share\prims\jni.cpp, line 516]
Event: 0.414 Thread 0x00000299dad23890 Exception <a 'sun/nio/fs/WindowsException'{0x0000000620bf4d80}> (0x0000000620bf4d80) 
thrown [t:\workspace\open\src\hotspot\share\prims\jni.cpp, line 516]
Event: 0.418 Thread 0x00000299dad23890 Exception <a 'java/lang/NoSuchMethodError'{0x000000062040e388}: 'void java.lang.invoke.DirectMethodHandle$Holder.invokeStatic(java.lang.Object, long)'> (0x000000062040e388) 
thrown [t:\workspace\open\src\hotspot\share\interpreter\linkResolver.cpp, line 766]
Event: 0.429 Thread 0x00000299dad23890 Exception <a 'sun/nio/fs/WindowsException'{0x000000062044c7d8}> (0x000000062044c7d8) 
thrown [t:\workspace\open\src\hotspot\share\prims\jni.cpp, line 516]
Event: 0.429 Thread 0x00000299dad23890 Exception <a 'sun/nio/fs/WindowsException'{0x000000062044cb98}> (0x000000062044cb98) 
thrown [t:\workspace\open\src\hotspot\share\prims\jni.cpp, line 516]
Event: 0.431 Thread 0x00000299dad23890 Exception <a 'sun/nio/fs/WindowsException'{0x0000000620454270}> (0x0000000620454270) 
thrown [t:\workspace\open\src\hotspot\share\prims\jni.cpp, line 516]
Event: 0.431 Thread 0x00000299dad23890 Exception <a 'sun/nio/fs/WindowsException'{0x0000000620454570}> (0x0000000620454570) 
thrown [t:\workspace\open\src\hotspot\share\prims\jni.cpp, line 516]
Event: 0.554 Thread 0x00000299dad23890 Exception <a 'java/lang/NoSuchMethodError'{0x00000006202a2848}: 'java.lang.Object java.lang.invoke.DirectMethodHandle$Holder.invokeSpecial(java.lang.Object, java.lang.Object, long, int, int, int, int, int, java.lang.Object)'> (0x00000006202a2848) 
thrown [t:\workspace\open\src\hotspot\share\interpreter\linkResolver.cpp, line 766]
Event: 0.554 Thread 0x00000299dad23890 Exception <a 'java/lang/NoSuchMethodError'{0x00000006202a6160}: 'java.lang.Object java.lang.invoke.DelegatingMethodHandle$Holder.reinvoke_L(java.lang.Object, long, int, int, int, int, int, java.lang.Object)'> (0x00000006202a6160) 
thrown [t:\workspace\open\src\hotspot\share\interpreter\linkResolver.cpp, line 766]
Event: 0.582 Thread 0x00000299dad23890 Exception <a 'sun/nio/fs/WindowsException'{0x00000006202f8450}> (0x00000006202f8450) 
thrown [t:\workspace\open\src\hotspot\share\prims\jni.cpp, line 516]
Event: 0.583 Thread 0x00000299dad23890 Exception <a 'sun/nio/fs/WindowsException'{0x00000006202f87f0}> (0x00000006202f87f0) 
thrown [t:\workspace\open\src\hotspot\share\prims\jni.cpp, line 516]
Event: 0.604 Thread 0x00000299dad23890 Exception <a 'java/lang/NoSuchMethodError'{0x0000000620321cc0}: 'java.lang.Object java.lang.invoke.DirectMethodHandle$Holder.newInvokeSpecial(java.lang.Object, long)'> (0x0000000620321cc0) 
thrown [t:\workspace\open\src\hotspot\share\interpreter\linkResolver.cpp, line 766]
Event: 0.617 Thread 0x00000299dad23890 Exception <a 'java/lang/ClassNotFoundException'{0x00000006203aec90}: sun/net/www/protocol/c/Handler> (0x00000006203aec90) 
thrown [t:\workspace\open\src\hotspot\share\classfile\systemDictionary.cpp, line 256]

VM Operations (20 events):
Event: 21.903 Executing VM operation: Cleanup
Event: 21.904 Executing VM operation: Cleanup done
Event: 24.919 Executing VM operation: Cleanup
Event: 24.919 Executing VM operation: Cleanup done
Event: 27.924 Executing VM operation: Cleanup
Event: 27.924 Executing VM operation: Cleanup done
Event: 32.678 Executing VM operation: G1CollectForAllocation
Event: 32.683 Executing VM operation: G1CollectForAllocation done
Event: 33.685 Executing VM operation: Cleanup
Event: 33.685 Executing VM operation: Cleanup done
Event: 55.763 Executing VM operation: Cleanup
Event: 55.763 Executing VM operation: Cleanup done
Event: 56.767 Executing VM operation: Cleanup
Event: 56.767 Executing VM operation: Cleanup done
Event: 66.808 Executing VM operation: Cleanup
Event: 66.808 Executing VM operation: Cleanup done
Event: 79.842 Executing VM operation: Cleanup
Event: 79.842 Executing VM operation: Cleanup done
Event: 86.860 Executing VM operation: Cleanup
Event: 86.860 Executing VM operation: Cleanup done

Events (20 events):
Event: 1.093 loading class sun/util/resources/OpenListResourceBundle done
Event: 1.093 loading class sun/util/resources/TimeZoneNamesBundle done
Event: 1.093 loading class sun/util/resources/cldr/TimeZoneNames done
Event: 1.093 loading class sun/util/resources/cldr/TimeZoneNames_en
Event: 1.094 loading class sun/util/resources/cldr/TimeZoneNames_en done
Event: 1.094 loading class sun/util/resources/cldr/TimeZoneNames_en_US
Event: 1.094 loading class sun/util/resources/cldr/TimeZoneNames_en_US done
Event: 1.094 loading class java/util/LinkedHashMap$LinkedKeySet
Event: 1.094 loading class java/util/LinkedHashMap$LinkedKeySet done
Event: 2.128 Thread 0x0000029990b6bb80 Thread added: 0x0000029990b6bb80
Event: 2.239 Thread 0x0000029990b6bb80 Thread exited: 0x0000029990b6bb80
Event: 3.417 Thread 0x000002999b46e630 Thread added: 0x000002999b46e630
Event: 3.418 Thread 0x000002999b49bb00 Thread added: 0x000002999b49bb00
Event: 3.702 Thread 0x000002999b49bb00 Thread exited: 0x000002999b49bb00
Event: 3.853 Thread 0x000002999b46e630 Thread exited: 0x000002999b46e630
Event: 3.853 Thread 0x000002999104e400 Thread exited: 0x000002999104e400
Event: 3.858 Thread 0x000002999b49bb00 Thread added: 0x000002999b49bb00
Event: 4.464 Thread 0x000002999b49bb00 Thread exited: 0x000002999b49bb00
Event: 4.464 Thread 0x0000029988aa9390 Thread exited: 0x0000029988aa9390
Event: 5.199 Thread 0x0000029988aa06d0 Thread exited: 0x0000029988aa06d0


Dynamic libraries:
0x00007ff797340000 - 0x00007ff79734e000 	C:\Program Files\Java\jdk-17.0.1\bin\java.exe
0x00007ffd19f30000 - 0x00007ffd1a125000 	C:\Windows\SYSTEM32\ntdll.dll
0x00007ffd19070000 - 0x00007ffd1912e000 	C:\Windows\System32\KERNEL32.DLL
0x00007ffd179d0000 - 0x00007ffd17c98000 	C:\Windows\System32\KERNELBASE.dll
0x00007ffd17640000 - 0x00007ffd17740000 	C:\Windows\System32\ucrtbase.dll
0x00007ffcfe810000 - 0x00007ffcfe828000 	C:\Program Files\Java\jdk-17.0.1\bin\jli.dll
0x00007ffd01560000 - 0x00007ffd0157a000 	C:\Program Files\Java\jdk-17.0.1\bin\VCRUNTIME140.dll
0x00007ffd18eb0000 - 0x00007ffd19051000 	C:\Windows\System32\USER32.dll
0x00007ffd17740000 - 0x00007ffd17762000 	C:\Windows\System32\win32u.dll
0x00007ffd0af90000 - 0x00007ffd0b22a000 	C:\Windows\WinSxS\amd64_microsoft.windows.common-controls_6595b64144ccf1df_6.0.19041.1110_none_60b5254171f9507e\COMCTL32.dll
0x00007ffd19970000 - 0x00007ffd1999b000 	C:\Windows\System32\GDI32.dll
0x00007ffd18e10000 - 0x00007ffd18eae000 	C:\Windows\System32\msvcrt.dll
0x00007ffd17820000 - 0x00007ffd1792d000 	C:\Windows\System32\gdi32full.dll
0x00007ffd17930000 - 0x00007ffd179cd000 	C:\Windows\System32\msvcp_win.dll
0x00007ffd194c0000 - 0x00007ffd194f0000 	C:\Windows\System32\IMM32.DLL
0x00007ffd06a30000 - 0x00007ffd06a3c000 	C:\Program Files\Java\jdk-17.0.1\bin\vcruntime140_1.dll
0x00007ffcf32c0000 - 0x00007ffcf334d000 	C:\Program Files\Java\jdk-17.0.1\bin\msvcp140.dll
0x00007ffc650c0000 - 0x00007ffc65c7e000 	C:\Program Files\Java\jdk-17.0.1\bin\server\jvm.dll
0x00007ffd19ab0000 - 0x00007ffd19b5c000 	C:\Windows\System32\ADVAPI32.dll
0x00007ffd199a0000 - 0x00007ffd19a3b000 	C:\Windows\System32\sechost.dll
0x00007ffd191e0000 - 0x00007ffd1930a000 	C:\Windows\System32\RPCRT4.dll
0x00007ffd19a40000 - 0x00007ffd19a48000 	C:\Windows\System32\PSAPI.DLL
0x00007ffcec1b0000 - 0x00007ffcec1b9000 	C:\Windows\SYSTEM32\WSOCK32.dll
0x00007ffd0d530000 - 0x00007ffd0d557000 	C:\Windows\SYSTEM32\WINMM.dll
0x00007ffd102b0000 - 0x00007ffd102ba000 	C:\Windows\SYSTEM32\VERSION.dll
0x00007ffd19380000 - 0x00007ffd193eb000 	C:\Windows\System32\WS2_32.dll
0x00007ffd15550000 - 0x00007ffd15562000 	C:\Windows\SYSTEM32\kernel.appcore.dll
0x00007ffd04630000 - 0x00007ffd0463a000 	C:\Program Files\Java\jdk-17.0.1\bin\jimage.dll
0x00007ffd0baa0000 - 0x00007ffd0bc84000 	C:\Windows\SYSTEM32\DBGHELP.DLL
0x00007ffd006e0000 - 0x00007ffd0070c000 	C:\Windows\SYSTEM32\dbgcore.DLL
0x00007ffd17e30000 - 0x00007ffd17eb2000 	C:\Windows\System32\bcryptPrimitives.dll
0x00007ffd017f0000 - 0x00007ffd017fe000 	C:\Program Files\Java\jdk-17.0.1\bin\instrument.dll
0x00007ffcfe7b0000 - 0x00007ffcfe7d5000 	C:\Program Files\Java\jdk-17.0.1\bin\java.dll
0x00007ffcc1060000 - 0x00007ffcc1136000 	C:\Program Files\Java\jdk-17.0.1\bin\svml.dll
0x00007ffd18120000 - 0x00007ffd18864000 	C:\Windows\System32\SHELL32.dll
0x00007ffd15750000 - 0x00007ffd15ee4000 	C:\Windows\SYSTEM32\windows.storage.dll
0x00007ffd18900000 - 0x00007ffd18c55000 	C:\Windows\System32\combase.dll
0x00007ffd17090000 - 0x00007ffd170be000 	C:\Windows\SYSTEM32\Wldp.dll
0x00007ffd19130000 - 0x00007ffd191dd000 	C:\Windows\System32\SHCORE.dll
0x00007ffd19dc0000 - 0x00007ffd19e15000 	C:\Windows\System32\shlwapi.dll
0x00007ffd17580000 - 0x00007ffd1759f000 	C:\Windows\SYSTEM32\profapi.dll
0x00007ffcf4590000 - 0x00007ffcf45a8000 	C:\Program Files\Java\jdk-17.0.1\bin\zip.dll
0x00007ffcfe6f0000 - 0x00007ffcfe709000 	C:\Program Files\Java\jdk-17.0.1\bin\net.dll
0x00007ffd11eb0000 - 0x00007ffd11fbc000 	C:\Windows\SYSTEM32\WINHTTP.dll
0x00007ffd16df0000 - 0x00007ffd16e5a000 	C:\Windows\system32\mswsock.dll
0x00007ffcfce00000 - 0x00007ffcfce15000 	C:\Program Files\Java\jdk-17.0.1\bin\nio.dll
0x00007ffcf40d0000 - 0x00007ffcf40ea000 	C:\Users\Garrett\AppData\Local\JetBrains\Toolbox\apps\IDEA-C\ch-0\213.7172.25\bin\breakgen64.dll
0x00007ffcd7d30000 - 0x00007ffcd7da1000 	C:\Users\Garrett\AppData\Local\Temp\lwjglGarrett\3.3.0-build-21\lwjgl.dll
0x00007ffcf2aa0000 - 0x00007ffcf2b01000 	C:\Users\Garrett\AppData\Local\Temp\lwjglGarrett\3.3.0-build-21\glfw.dll
0x00007ffce94c0000 - 0x00007ffce9505000 	C:\Windows\SYSTEM32\dinput8.dll
0x00007ffd14e30000 - 0x00007ffd14e41000 	C:\Windows\SYSTEM32\xinput1_4.dll
0x00007ffd17ec0000 - 0x00007ffd17f0e000 	C:\Windows\System32\cfgmgr32.dll
0x00007ffd17400000 - 0x00007ffd17434000 	C:\Windows\SYSTEM32\DEVOBJ.dll
0x00007ffd15260000 - 0x00007ffd1528f000 	C:\Windows\SYSTEM32\dwmapi.dll
0x00007ffd047f0000 - 0x00007ffd04942000 	C:\Windows\SYSTEM32\inputhost.dll
0x00007ffd19e20000 - 0x00007ffd19eed000 	C:\Windows\System32\OLEAUT32.dll
0x00007ffd14140000 - 0x00007ffd14294000 	C:\Windows\SYSTEM32\wintypes.dll
0x00007ffd14b70000 - 0x00007ffd14c62000 	C:\Windows\SYSTEM32\CoreMessaging.dll
0x00007ffd130a0000 - 0x00007ffd13196000 	C:\Windows\SYSTEM32\PROPSYS.dll
0x00007ffd14810000 - 0x00007ffd14b6e000 	C:\Windows\SYSTEM32\CoreUIComponents.dll
0x00007ffd16330000 - 0x00007ffd16363000 	C:\Windows\SYSTEM32\ntmarta.dll
0x00007ffd15020000 - 0x00007ffd150be000 	C:\Windows\system32\uxtheme.dll
0x00007ffd19ca0000 - 0x00007ffd19db5000 	C:\Windows\System32\MSCTF.dll
0x00007ffc7c740000 - 0x00007ffc7c865000 	C:\Windows\SYSTEM32\opengl32.dll
0x00007ffc7dcd0000 - 0x00007ffc7dcfc000 	C:\Windows\SYSTEM32\GLU32.dll
0x00007ffd19410000 - 0x00007ffd194b9000 	C:\Windows\System32\clbcatq.dll
0x00007ffc3e680000 - 0x00007ffc4163f000 	C:\Windows\System32\DriverStore\FileRepository\nv_dispi.inf_amd64_0bc9105c62ca22fb\nvoglv64.dll
0x00007ffd194f0000 - 0x00007ffd19962000 	C:\Windows\System32\SETUPAPI.dll
0x00007ffd17e00000 - 0x00007ffd17e27000 	C:\Windows\System32\bcrypt.dll
0x00007ffd17f70000 - 0x00007ffd1809a000 	C:\Windows\System32\ole32.dll
0x00007ffd13350000 - 0x00007ffd13364000 	C:\Windows\SYSTEM32\WTSAPI32.dll
0x00007ffd17000000 - 0x00007ffd1700c000 	C:\Windows\SYSTEM32\CRYPTBASE.DLL
0x00007ffd17220000 - 0x00007ffd17232000 	C:\Windows\SYSTEM32\msasn1.dll
0x00007ffd100a0000 - 0x00007ffd100d1000 	C:\Windows\SYSTEM32\cryptnet.dll
0x00007ffd17ca0000 - 0x00007ffd17df6000 	C:\Windows\System32\CRYPT32.dll
0x00007ffd0d730000 - 0x00007ffd0d87a000 	C:\Windows\SYSTEM32\drvstore.dll
0x00007ffd17f10000 - 0x00007ffd17f70000 	C:\Windows\System32\WINTRUST.dll
0x00007ffd0eb10000 - 0x00007ffd0eb4b000 	C:\Windows\SYSTEM32\dxcore.dll
0x00007ffcda770000 - 0x00007ffcdaa33000 	C:\Windows\system32\nvspcap64.dll
0x00007ffd16bb0000 - 0x00007ffd16bfb000 	C:\Windows\SYSTEM32\powrprof.dll
0x00007ffd16ab0000 - 0x00007ffd16ac2000 	C:\Windows\SYSTEM32\UMPDC.dll
0x00007ffd16730000 - 0x00007ffd1678a000 	C:\Windows\SYSTEM32\WINSTA.dll
0x00007ffcf2630000 - 0x00007ffcf26b1000 	C:\Users\Garrett\AppData\Local\Temp\lwjglGarrett\3.3.0-build-21\lwjgl_stb.dll
0x00007ffd10560000 - 0x00007ffd1060e000 	C:\Windows\SYSTEM32\mscms.dll
0x00007ffd17540000 - 0x00007ffd1756e000 	C:\Windows\SYSTEM32\USERENV.dll
0x00007ffd10540000 - 0x00007ffd10551000 	C:\Windows\SYSTEM32\ColorAdapterClient.dll
0x00007ffc8bbb0000 - 0x00007ffc8bbf3000 	C:\Windows\SYSTEM32\icm32.dll
0x00007ffcc1510000 - 0x00007ffcc156d000 	C:\Users\Garrett\AppData\Local\Temp\lwjglGarrett\3.3.0-build-21\lwjgl_opengl.dll
0x00007ffd01550000 - 0x00007ffd01560000 	C:\Program Files\Java\jdk-17.0.1\bin\verify.dll
0x00007ffd04980000 - 0x00007ffd04a79000 	C:\Windows\SYSTEM32\textinputframework.dll
0x00007ffcc0ec0000 - 0x00007ffcc1057000 	C:\Users\Garrett\AppData\Local\Temp\lwjglGarrett\3.3.0-build-21\OpenAL.dll
0x00007ffd0ea80000 - 0x00007ffd0eb05000 	C:\Windows\System32\MMDevApi.dll
0x00007ffd05990000 - 0x00007ffd05b11000 	C:\Windows\SYSTEM32\AUDIOSES.DLL
0x00007ffd15160000 - 0x00007ffd15174000 	C:\Windows\SYSTEM32\resourcepolicyclient.dll
0x00007ffcec970000 - 0x00007ffceca1c000 	C:\Windows\SYSTEM32\TextShaping.dll

dbghelp: loaded successfully - version: 4.0.5 - missing functions: none
symbol engine: initialized successfully - sym options: 0x614 - pdb path: .;C:\Program Files\Java\jdk-17.0.1\bin;C:\Windows\SYSTEM32;C:\Windows\WinSxS\amd64_microsoft.windows.common-controls_6595b64144ccf1df_6.0.19041.1110_none_60b5254171f9507e;C:\Program Files\Java\jdk-17.0.1\bin\server;C:\Users\Garrett\AppData\Local\JetBrains\Toolbox\apps\IDEA-C\ch-0\213.7172.25\bin;C:\Users\Garrett\AppData\Local\Temp\lwjglGarrett\3.3.0-build-21;C:\Windows\System32\DriverStore\FileRepository\nv_dispi.inf_amd64_0bc9105c62ca22fb

VM Arguments:
jvm_args: --enable-preview -javaagent:C:\Users\Garrett\AppData\Local\JetBrains\Toolbox\apps\IDEA-C\ch-0\213.7172.25\lib\idea_rt.jar=49229:C:\Users\Garrett\AppData\Local\JetBrains\Toolbox\apps\IDEA-C\ch-0\213.7172.25\bin -Dfile.encoding=UTF-8 
java_command: com.floober.engine.test.tests.MultiWindowTest
java_class_path (initial): C:\Users\Garrett\IdeaProjects\2D Game Engine v2\out\production\2D Game Engine v2;C:\Users\Garrett\IdeaProjects\2D Game Engine v2\lib\json\json-20180813.jar;C:\Users\Garrett\IdeaProjects\2D Game Engine v2\lib\lwjgl-release-3.3.0-custom\lwjgl.jar;C:\Users\Garrett\IdeaProjects\2D Game Engine v2\lib\lwjgl-release-3.3.0-custom\lwjgl-nfd.jar;C:\Users\Garrett\IdeaProjects\2D Game Engine v2\lib\lwjgl-release-3.3.0-custom\lwjgl-stb.jar;C:\Users\Garrett\IdeaProjects\2D Game Engine v2\lib\lwjgl-release-3.3.0-custom\lwjgl-glfw.jar;C:\Users\Garrett\IdeaProjects\2D Game Engine v2\lib\lwjgl-release-3.3.0-custom\joml-1.10.3.jar;C:\Users\Garrett\IdeaProjects\2D Game Engine v2\lib\lwjgl-release-3.3.0-custom\lwjgl-assimp.jar;C:\Users\Garrett\IdeaProjects\2D Game Engine v2\lib\lwjgl-release-3.3.0-custom\lwjgl-openal.jar;C:\Users\Garrett\IdeaProjects\2D Game Engine v2\lib\lwjgl-release-3.3.0-custom\lwjgl-opengl.jar;C:\Users\Garrett\IdeaProjects\2D Game Engine v2\lib\lwjgl-release-3.3.0-custom\lwjgl-javadoc.jar;C:\Users\Garrett\IdeaProjects\2D Game Engine v2\lib\lwjgl-release-3.3.0-custom\lwjgl-sources.jar;C:\Users\Garrett\IdeaProjects\2D Game Engine v2\lib\lwjgl-release-3.3.0-custom\lwjgl-nfd-javadoc.jar;C:\Users\Garrett\IdeaProjects\2D Game Engine v2\lib\lwjgl-release-3.3.0-custom\lwjgl-nfd-sources.jar;C:\Users\Garrett\IdeaProjects\2D Game Engine v2\lib\lwjgl-release-3.3.0-custom\lwjgl-stb-javadoc.jar;C:\Users\Garrett\IdeaProjects\2D Game Engine v2\lib\lwjgl-release-3.3.0-custom\lwjgl-stb-sources.jar;C:\Users\Garrett\IdeaProjects\2D Game Engine v2\lib\lwjgl-release-3.3.0-custom\lwjgl-glfw-javadoc.jar;C:\Users\Garrett\IdeaProjects\2D Game Engine v2\lib\lwjgl-release-3.3.0-custom\lwjgl-glfw-sources.jar;C:\Users\Garrett\IdeaProjects\2D Game Engine v2\lib\lwjgl-release-3.3.0-custom\joml-1.10.3-javadoc.jar;C:\Users\Garrett\IdeaProjects\2D Game Engine v2\lib\lwjgl-release-3.3.0-custom\joml-1.10.3-sources.jar;C:\Users\Garrett\IdeaProjects\2D Game Engine v2\lib\lwj
Launcher Type: SUN_STANDARD

[Global flags]
     intx CICompilerCount                          = 12                                        {product} {ergonomic}
     uint ConcGCThreads                            = 5                                         {product} {ergonomic}
     uint G1ConcRefinementThreads                  = 18                                        {product} {ergonomic}
   size_t G1HeapRegionSize                         = 4194304                                   {product} {ergonomic}
    uintx GCDrainStackTargetSize                   = 64                                        {product} {ergonomic}
   size_t InitialHeapSize                          = 536870912                                 {product} {ergonomic}
   size_t MarkStackSize                            = 4194304                                   {product} {ergonomic}
   size_t MaxHeapSize                              = 8573157376                                {product} {ergonomic}
   size_t MaxNewSize                               = 5142216704                                {product} {ergonomic}
   size_t MinHeapDeltaBytes                        = 4194304                                   {product} {ergonomic}
   size_t MinHeapSize                              = 8388608                                   {product} {ergonomic}
    uintx NonNMethodCodeHeapSize                   = 7602480                                {pd product} {ergonomic}
    uintx NonProfiledCodeHeapSize                  = 122027880                              {pd product} {ergonomic}
    uintx ProfiledCodeHeapSize                     = 122027880                              {pd product} {ergonomic}
    uintx ReservedCodeCacheSize                    = 251658240                              {pd product} {ergonomic}
     bool SegmentedCodeCache                       = true                                      {product} {ergonomic}
   size_t SoftMaxHeapSize                          = 8573157376                             {manageable} {ergonomic}
     bool UseCompressedClassPointers               = true                           {product lp64_product} {ergonomic}
     bool UseCompressedOops                        = true                           {product lp64_product} {ergonomic}
     bool UseG1GC                                  = true                                      {product} {ergonomic}
     bool UseLargePagesIndividualAllocation        = false                                  {pd product} {ergonomic}

Logging:
Log output configuration:
 #0: stdout all=warning uptime,level,tags
 #1: stderr all=off uptime,level,tags

Environment Variables:
JAVA_HOME=C:\Program Files\Java\jdk-17.0.1
PATH=C:\Program Files\Microsoft\jdk-11.0.12.7-hotspot\bin;C:\Program Files (x86)\Common Files\Intel\Shared Libraries\redist\intel64\compiler;C:\Windows\system32;C:\Windows;C:\Windows\System32\Wbem;C:\Windows\System32\WindowsPowerShell\v1.0\;C:\Windows\System32\OpenSSH\;C:\Program Files (x86)\NVIDIA Corporation\PhysX\Common;C:\Program Files\Java\jdk-17.0.1\bin;C:\Users\Garrett\Programs;C:\Users\Garrett\Programs\ffmpeg\bin;C:\Program Files\Git\cmd;C:\Users\Garrett\Programs;;C:\Program Files (x86)\WinMerge;C:\Program Files\NVIDIA Corporation\NVIDIA NvDLISR;C:\Program Files\dotnet\;C:\Users\Garrett\AppData\Local\Programs\Python\Python310\Scripts\;C:\Users\Garrett\AppData\Local\Programs\Python\Python310\;C:\Users\Garrett\AppData\Local\Microsoft\WindowsApps;C:\Users\Garrett\AppData\Local\Programs\Microsoft VS Code\bin;C:\Users\Garrett\.dotnet\tools
USERNAME=Garrett
OS=Windows_NT
PROCESSOR_IDENTIFIER=AMD64 Family 25 Model 33 Stepping 0, AuthenticAMD



---------------  S Y S T E M  ---------------

OS:
 Windows 10 , 64 bit Build 19041 (10.0.19041.1348)
OS uptime: 14 days 6:38 hours

CPU: total 24 (initial active 24) (24 cores per cpu, 2 threads per core) family 25 model 33 stepping 0 microcode 0x0, cx8, cmov, fxsr, ht, mmx, 3dnowpref, sse, sse2, sse3, ssse3, sse4a, sse4.1, sse4.2, popcnt, lzcnt, tsc, tscinvbit, avx, avx2, aes, erms, clmul, bmi1, bmi2, adx, sha, fma, vzeroupper, clflush, clflushopt

Memory: 4k page, system-wide physical 32692M (15743M free)
TotalPageFile size 61364M (AvailPageFile size 26688M)
current process WorkingSet (physical memory assigned to process): 189M, peak: 199M
current process commit charge ("private bytes"): 830M, peak: 1236M

vm_info: OpenJDK 64-Bit Server VM (17.0.1+12-39) for windows-amd64 JRE (17.0.1+12-39), built on Sep 27 2021 18:39:29 by "mach5one" with MS VC++ 16.8 (VS2019)

END.
