#
# A fatal error has been detected by the Java Runtime Environment:
#
#  EXCEPTION_ACCESS_VIOLATION (0xc0000005) at pc=0x00007ffc652b27d0, pid=25988, tid=8072
#
# JRE version: OpenJDK Runtime Environment (17.0.1+12) (build 17.0.1+12-39)
# Java VM: OpenJDK 64-Bit Server VM (17.0.1+12-39, mixed mode, sharing, tiered, compressed oops, compressed class ptrs, g1 gc, windows-amd64)
# Problematic frame:
# V  [jvm.dll+0x1f27d0]
#
# No core dump will be written. Minidumps are not enabled by default on client versions of Windows
#
# If you would like to submit a bug report, please visit:
#   https://bugreport.java.com/bugreport/crash.jsp
#

---------------  S U M M A R Y ------------

Command Line: --enable-preview -javaagent:C:\Users\Garrett\AppData\Local\JetBrains\Toolbox\apps\IDEA-C\ch-0\213.7172.25\lib\idea_rt.jar=50995:C:\Users\Garrett\AppData\Local\JetBrains\Toolbox\apps\IDEA-C\ch-0\213.7172.25\bin -Dfile.encoding=UTF-8 com.floober.engine.test.tests.MultiWindowTest

Host: AMD Ryzen 9 5900X 12-Core Processor            , 24 cores, 31G,  Windows 10 , 64 bit Build 19041 (10.0.19041.1348)
Time: Wed Mar 23 21:29:25 2022 Pacific Daylight Time elapsed time: 12.831263 seconds (0d 0h 0m 12s)

---------------  T H R E A D  ---------------

Current thread (0x000001c235142410):  JavaThread "main" [_thread_in_vm, id=8072, stack(0x0000001e5e600000,0x0000001e5e700000)]

Stack: [0x0000001e5e600000,0x0000001e5e700000],  sp=0x0000001e5e6fee20,  free space=1019k
Native frames: (J=compiled Java code, j=interpreted, Vv=VM code, C=native code)
V  [jvm.dll+0x1f27d0]
V  [jvm.dll+0x4059b5]
V  [jvm.dll+0x3d3521]
C  0x000001c23c94d621

Java frames: (J=compiled Java code, j=interpreted, Vv=VM code)
j  org.lwjgl.system.jni.JNINativeInterface.nDeleteGlobalRef(J)V+0
j  org.lwjgl.system.jni.JNINativeInterface.DeleteGlobalRef(J)V+12
j  org.lwjgl.system.Callback.free(J)V+25
j  org.lwjgl.glfw.Callbacks.glfwFreeCallbacks(J)V+165
j  com.gnix.jflatgl.core.renderEngine.display.DisplayManager.freeCallbacks()V+52
j  com.gnix.jflatgl.core.renderEngine.display.DisplayManager.cleanUp()V+0
j  com.floober.engine.test.tests.MultiWindowTest.main([Ljava/lang/String;)V+413
v  ~StubRoutines::call_stub

siginfo: EXCEPTION_ACCESS_VIOLATION (0xc0000005), reading address 0x00000000000000c0


Register to memory mapping:

RIP=0x00007ffc652b27d0 jvm.dll
RAX=0x0 is NULL
RBX=0x00000000000000c0 is an unknown value
RCX=0x00000000000000c0 is an unknown value
RDX=0x0 is NULL
RSP=0x0000001e5e6fee20 is pointing into the stack for thread: 0x000001c235142410
RBP=0x0000001e5e6fef30 is pointing into the stack for thread: 0x000001c235142410
RSI=0x000000061f41b128 is an oop: jdk.internal.misc.Unsafe 
{0x000000061f41b128} - klass: 'jdk/internal/misc/Unsafe'
 - ---- fields (total size 2 words):
RDI=0x0 is NULL
R8 =0x00000000000000c0 is an unknown value
R9 =0x000000061f5c0d90 is an oop: java.lang.Class 
{0x000000061f5c0d90} - klass: 'java/lang/Class'
 - ---- fields (total size 15 words):
 - private volatile transient 'classRedefinedCount' 'I' @12  0
 - private volatile transient 'cachedConstructor' 'Ljava/lang/reflect/Constructor;' @40  NULL (0)
 - private transient 'name' 'Ljava/lang/String;' @44  "org.lwjgl.system.Checks"{0x000000061f5c0e08} (c3eb81c1)
 - private transient 'module' 'Ljava/lang/Module;' @48  a 'java/lang/Module'{0x000000061f402fd0} (c3e805fa)
 - private final 'classLoader' 'Ljava/lang/ClassLoader;' @52  a 'jdk/internal/loader/ClassLoaders$AppClassLoader'{0x000000061f400000} (c3e80000)
 - private transient 'classData' 'Ljava/lang/Object;' @56  NULL (0)
 - private transient 'packageName' 'Ljava/lang/String;' @60  "org.lwjgl.system"{0x000000061f43d568} (c3e87aad)
 - private final 'componentType' 'Ljava/lang/Class;' @64  NULL (0)
 - private volatile transient 'reflectionData' 'Ljava/lang/ref/SoftReference;' @68  NULL (0)
 - private volatile transient 'genericInfo' 'Lsun/reflect/generics/repository/ClassRepository;' @72  NULL (0)
 - private volatile transient 'enumConstants' '[Ljava/lang/Object;' @76  NULL (0)
 - private volatile transient 'enumConstantDirectory' 'Ljava/util/Map;' @80  NULL (0)
 - private volatile transient 'annotationData' 'Ljava/lang/Class$AnnotationData;' @84  NULL (0)
 - private volatile transient 'annotationType' 'Lsun/reflect/annotation/AnnotationType;' @88  NULL (0)
 - transient 'classValueMap' 'Ljava/lang/ClassValue$ClassValueMap;' @92  NULL (0)
 - signature: Lorg/lwjgl/system/Checks;
 - fake entry for mirror: 'org/lwjgl/system/Checks'
 - fake entry for array: NULL
 - fake entry for oop_size: 15
 - fake entry for static_oop_field_count: 0
 - public static final 'CHECKS' 'Z' @112  true
 - public static final 'DEBUG' 'Z' @113  false
 - public static final 'DEBUG_FUNCTIONS' 'Z' @114  false
R10=0x000001c23c94d5f2 is at code_begin+946 in an Interpreter codelet
method entry point (kind = native)  [0x000001c23c94d240, 0x000001c23c94dbc0]  2432 bytes
R11=0x000000061f592850 is an oop: java.lang.Class 
{0x000000061f592850} - klass: 'java/lang/Class'
 - ---- fields (total size 25 words):
 - private volatile transient 'classRedefinedCount' 'I' @12  0
 - private volatile transient 'cachedConstructor' 'Ljava/lang/reflect/Constructor;' @40  NULL (0)
 - private transient 'name' 'Ljava/lang/String;' @44  "org.lwjgl.system.jni.JNINativeInterface"{0x000000061f592918} (c3eb2523)
 - private transient 'module' 'Ljava/lang/Module;' @48  a 'java/lang/Module'{0x000000061f402fd0} (c3e805fa)
 - private final 'classLoader' 'Ljava/lang/ClassLoader;' @52  a 'jdk/internal/loader/ClassLoaders$AppClassLoader'{0x000000061f400000} (c3e80000)
 - private transient 'classData' 'Ljava/lang/Object;' @56  NULL (0)
 - private transient 'packageName' 'Ljava/lang/String;' @60  "org.lwjgl.system.jni"{0x000000061f5a68b8} (c3eb4d17)
 - private final 'componentType' 'Ljava/lang/Class;' @64  NULL (0)
 - private volatile transient 'reflectionData' 'Ljava/lang/ref/SoftReference;' @68  NULL (0)
 - private volatile transient 'genericInfo' 'Lsun/reflect/generics/repository/ClassRepository;' @72  NULL (0)
 - private volatile transient 'enumConstants' '[Ljava/lang/Object;' @76  NULL (0)
 - private volatile transient 'enumConstantDirectory' 'Ljava/util/Map;' @80  NULL (0)
 - private volatile transient 'annotationData' 'Ljava/lang/Class$AnnotationData;' @84  NULL (0)
 - private volatile transient 'annotationType' 'Lsun/reflect/annotation/AnnotationType;' @88  NULL (0)
 - transient 'classValueMap' 'Ljava/lang/ClassValue$ClassValueMap;' @92  NULL (0)
 - signature: Lorg/lwjgl/system/jni/JNINativeInterface;
 - fake entry for mirror: 'org/lwjgl/system/jni/JNINativeInterface'
 - fake entry for array: NULL
 - fake entry for oop_size: 25
 - fake entry for static_oop_field_count: 0
 - public static final 'JNI_VERSION_1_1' 'I' @112  65537 (10001)
 - public static final 'JNI_VERSION_1_2' 'I' @116  65538 (10002)
 - public static final 'JNI_VERSION_1_4' 'I' @120  65540 (10004)
 - public static final 'JNI_VERSION_1_6' 'I' @124  65542 (10006)
 - public static final 'JNI_VERSION_1_8' 'I' @128  65544 (10008)
 - public static final 'JNI_VERSION_9' 'I' @132  589824 (90000)
 - public static final 'JNI_VERSION_10' 'I' @136  655360 (a0000)
 - public static final 'JNIInvalidRefType' 'I' @140  0
 - public static final 'JNILocalRefType' 'I' @144  1
 - public static final 'JNIGlobalRefType' 'I' @148  2
 - public static final 'JNIWeakGlobalRefType' 'I' @152  3
 - public static final 'JNI_FALSE' 'I' @156  0
 - public static final 'JNI_TRUE' 'I' @160  1
 - public static final 'JNI_OK' 'I' @164  0
 - public static final 'JNI_ERR' 'I' @168  -1 (ffffffff)
 - public static final 'JNI_EDETACHED' 'I' @172  -2 (fffffffe)
 - public static final 'JNI_EVERSION' 'I' @176  -3 (fffffffd)
 - public static final 'JNI_ENOMEM' 'I' @180  -4 (fffffffc)
 - public static final 'JNI_EEXIST' 'I' @184  -5 (fffffffb)
 - public static final 'JNI_EINVAL' 'I' @188  -6 (fffffffa)
 - public static final 'JNI_COMMIT' 'I' @192  1
 - public static final 'JNI_ABORT' 'I' @196  2
R12=0x0 is NULL
R13={method} {0x000001c263866d08} 'nDeleteGlobalRef' '(J)V' in 'org/lwjgl/system/jni/JNINativeInterface'
R14=0x0000001e5e6fef58 is pointing into the stack for thread: 0x000001c235142410
R15=0x000001c235142410 is a thread


Registers:
RAX=0x0000000000000000, RBX=0x00000000000000c0, RCX=0x00000000000000c0, RDX=0x0000000000000000
RSP=0x0000001e5e6fee20, RBP=0x0000001e5e6fef30, RSI=0x000000061f41b128, RDI=0x0000000000000000
R8 =0x00000000000000c0, R9 =0x000000061f5c0d90, R10=0x000001c23c94d5f2, R11=0x000000061f592850
R12=0x0000000000000000, R13=0x000001c263866d00, R14=0x0000001e5e6fef58, R15=0x000001c235142410
RIP=0x00007ffc652b27d0, EFLAGS=0x0000000000010202

Top of Stack: (sp=0x0000001e5e6fee20)
0x0000001e5e6fee20:   0000001e5e6feeb8 000001c23c9494fe
0x0000001e5e6fee30:   0000001e5e6ff0d0 000001c23c9494fe
0x0000001e5e6fee40:   00000000000000c0 00007ffc654c59b5
0x0000001e5e6fee50:   00000000000000c0 0000000000000000
0x0000001e5e6fee60:   000000061f82e9d8 000000061f43c6d0
0x0000001e5e6fee70:   000001c235142410 00007ffc65493521
0x0000001e5e6fee80:   0000001e5e6feee8 000001c26387b000
0x0000001e5e6fee90:   0000000000000000 000000061f536c98
0x0000001e5e6feea0:   000001c2331500d0 000001c23c94d621
0x0000001e5e6feeb0:   000001c263866d00 0000001e5e6fef38
0x0000001e5e6feec0:   000001c23c949657 0000000000000000
0x0000001e5e6feed0:   0000001e5e6fef48 000001c23c9495cd
0x0000001e5e6feee0:   0000000000000000 0000001e5e6feee8
0x0000001e5e6feef0:   0000000000000000 0000001e5e6fef58
0x0000001e5e6fef00:   000001c263871078 0000000000000000
0x0000001e5e6fef10:   000000061f592850 000001c263866d00 

Instructions: (pc=0x00007ffc652b27d0)
0x00007ffc652b26d0:   48 8b 4d 48 8b d6 e8 35 ac ff ff 48 8b d8 48 85
0x00007ffc652b26e0:   c0 74 0e 48 8b cb ff d7 48 8b 5b 08 48 85 db 75
0x00007ffc652b26f0:   f2 48 8b 45 48 ff c6 3b 30 7c d5 48 8b 5c 24 30
0x00007ffc652b2700:   48 8b 74 24 38 48 8b 6c 24 40 48 83 c4 20 5f c3
0x00007ffc652b2710:   48 89 11 c3 cc cc cc cc cc cc cc cc cc cc cc cc
0x00007ffc652b2720:   48 89 5c 24 08 57 48 83 ec 20 48 8b 19 48 8b f9
0x00007ffc652b2730:   48 85 1d 49 37 93 00 75 2e 48 85 db 75 0d 33 c0
0x00007ffc652b2740:   48 8b 5c 24 30 48 83 c4 20 5f c3 48 23 1d 3e 37
0x00007ffc652b2750:   93 00 48 0b 1d 17 37 93 00 48 8b c3 48 8b 5c 24
0x00007ffc652b2760:   30 48 83 c4 20 5f c3 48 8b cb e8 b1 d5 60 00 4c
0x00007ffc652b2770:   8b c0 48 85 c0 74 33 48 8b d0 48 23 15 0f 37 93
0x00007ffc652b2780:   00 48 0b 15 40 37 93 00 74 20 48 8b c3 f0 48 0f
0x00007ffc652b2790:   b1 17 74 16 48 85 05 e5 36 93 00 74 0d 48 8b c8
0x00007ffc652b27a0:   f0 48 0f b1 17 48 3b c1 75 ea 48 8b 5c 24 30 49
0x00007ffc652b27b0:   8b c0 48 83 c4 20 5f c3 cc cc cc cc cc cc cc cc
0x00007ffc652b27c0:   48 89 5c 24 08 57 48 83 ec 20 48 8b d9 48 8b fa
0x00007ffc652b27d0:   48 8b 09 48 85 c9 74 05 e8 c3 77 0d 00 48 89 3b
0x00007ffc652b27e0:   48 8b 5c 24 30 48 83 c4 20 5f c3 cc cc cc cc cc
0x00007ffc652b27f0:   48 89 74 24 20 41 56 48 83 ec 20 48 8b 31 4c 8b
0x00007ffc652b2800:   f2 48 85 f6 74 73 44 8b 8e 00 01 00 00 4c 8b c6
0x00007ffc652b2810:   e8 db 00 00 00 48 8b b6 08 01 00 00 48 85 f6 74
0x00007ffc652b2820:   58 48 89 5c 24 30 48 89 6c 24 38 48 89 7c 24 40
0x00007ffc652b2830:   8b ae 00 01 00 00 33 db 85 ed 74 22 48 8b fe 90
0x00007ffc652b2840:   48 83 3f 00 74 0e 4d 8b 06 48 8d 14 de 49 8b ce
0x00007ffc652b2850:   41 ff 50 08 ff c3 48 83 c7 08 3b dd 72 e2 48 8b
0x00007ffc652b2860:   b6 08 01 00 00 48 85 f6 75 c6 48 8b 7c 24 40 48
0x00007ffc652b2870:   8b 6c 24 38 48 8b 5c 24 30 48 8b 74 24 48 48 83
0x00007ffc652b2880:   c4 20 41 5e c3 cc cc cc cc cc cc cc cc cc cc cc
0x00007ffc652b2890:   40 53 48 8b d9 45 85 c0 74 37 44 8b 59 28 45 8b
0x00007ffc652b28a0:   d3 45 23 d0 45 3b d0 74 3b 0f 1f 80 00 00 00 00
0x00007ffc652b28b0:   41 8b cb 41 8b c3 41 0b c8 f0 0f b1 4b 28 74 11
0x00007ffc652b28c0:   44 8b 5b 28 41 8b c3 41 23 c0 41 3b c0 75 e1 5b 


Stack slot to memory mapping:
stack at sp + 0 slots: 0x0000001e5e6feeb8 is pointing into the stack for thread: 0x000001c235142410
stack at sp + 1 slots: 0x000001c23c9494fe is at code_begin+1118 in an Interpreter codelet
return entry points  [0x000001c23c9490a0, 0x000001c23c949ba0]  2816 bytes
stack at sp + 2 slots: 0x0000001e5e6ff0d0 is pointing into the stack for thread: 0x000001c235142410
stack at sp + 3 slots: 0x000001c23c9494fe is at code_begin+1118 in an Interpreter codelet
return entry points  [0x000001c23c9490a0, 0x000001c23c949ba0]  2816 bytes
stack at sp + 4 slots: 0x00000000000000c0 is an unknown value
stack at sp + 5 slots: 0x00007ffc654c59b5 jvm.dll
stack at sp + 6 slots: 0x00000000000000c0 is an unknown value
stack at sp + 7 slots: 0x0 is NULL


---------------  P R O C E S S  ---------------

Threads class SMR info:
_java_thread_list=0x000001c263048440, length=13, elements={
0x000001c235142410, 0x000001c262ca20a0, 0x000001c262ca2f10, 0x000001c262cb3370,
0x000001c262cb4e40, 0x000001c262cb7900, 0x000001c262cb92c0, 0x000001c262cbd550,
0x000001c262cbdff0, 0x000001c262cc91c0, 0x000001c262e130c0, 0x000001c262feda90,
0x000001c26308dd60
}

Java Threads: ( => current thread )
=>0x000001c235142410 JavaThread "main" [_thread_in_vm, id=8072, stack(0x0000001e5e600000,0x0000001e5e700000)]
  0x000001c262ca20a0 JavaThread "Reference Handler" daemon [_thread_blocked, id=27132, stack(0x0000001e5ed00000,0x0000001e5ee00000)]
  0x000001c262ca2f10 JavaThread "Finalizer" daemon [_thread_blocked, id=35144, stack(0x0000001e5ee00000,0x0000001e5ef00000)]
  0x000001c262cb3370 JavaThread "Signal Dispatcher" daemon [_thread_blocked, id=18108, stack(0x0000001e5ef00000,0x0000001e5f000000)]
  0x000001c262cb4e40 JavaThread "Attach Listener" daemon [_thread_blocked, id=22100, stack(0x0000001e5f000000,0x0000001e5f100000)]
  0x000001c262cb7900 JavaThread "Service Thread" daemon [_thread_blocked, id=21160, stack(0x0000001e5f100000,0x0000001e5f200000)]
  0x000001c262cb92c0 JavaThread "Monitor Deflation Thread" daemon [_thread_blocked, id=31588, stack(0x0000001e5f200000,0x0000001e5f300000)]
  0x000001c262cbd550 JavaThread "C2 CompilerThread0" daemon [_thread_blocked, id=30304, stack(0x0000001e5f300000,0x0000001e5f400000)]
  0x000001c262cbdff0 JavaThread "C1 CompilerThread0" daemon [_thread_blocked, id=41092, stack(0x0000001e5f400000,0x0000001e5f500000)]
  0x000001c262cc91c0 JavaThread "Sweeper thread" daemon [_thread_blocked, id=42536, stack(0x0000001e5f500000,0x0000001e5f600000)]
  0x000001c262e130c0 JavaThread "Common-Cleaner" daemon [_thread_blocked, id=7956, stack(0x0000001e5f600000,0x0000001e5f700000)]
  0x000001c262feda90 JavaThread "Monitor Ctrl-Break" daemon [_thread_in_native, id=21824, stack(0x0000001e5fa00000,0x0000001e5fb00000)]
  0x000001c26308dd60 JavaThread "Notification Thread" daemon [_thread_blocked, id=20820, stack(0x0000001e5fb00000,0x0000001e5fc00000)]

Other Threads:
  0x000001c262c96bc0 VMThread "VM Thread" [stack: 0x0000001e5ec00000,0x0000001e5ed00000] [id=37012] _threads_hazard_ptr=0x000001c263048440
  0x000001c23521d8b0 WatcherThread [stack: 0x0000001e5fc00000,0x0000001e5fd00000] [id=40976]
  0x000001c2351bd6b0 GCTaskThread "GC Thread#0" [stack: 0x0000001e5e700000,0x0000001e5e800000] [id=40340]
  0x000001c26ac9c530 GCTaskThread "GC Thread#1" [stack: 0x0000001e60600000,0x0000001e60700000] [id=37668]
  0x000001c26ac8b180 GCTaskThread "GC Thread#2" [stack: 0x0000001e60700000,0x0000001e60800000] [id=21320]
  0x000001c26ac8b430 GCTaskThread "GC Thread#3" [stack: 0x0000001e60800000,0x0000001e60900000] [id=38376]
  0x000001c26ac8b6e0 GCTaskThread "GC Thread#4" [stack: 0x0000001e60900000,0x0000001e60a00000] [id=5600]
  0x000001c26aeaa020 GCTaskThread "GC Thread#5" [stack: 0x0000001e60a00000,0x0000001e60b00000] [id=21372]
  0x000001c26aeaa2d0 GCTaskThread "GC Thread#6" [stack: 0x0000001e60b00000,0x0000001e60c00000] [id=41352]
  0x000001c275800080 GCTaskThread "GC Thread#7" [stack: 0x0000001e60c00000,0x0000001e60d00000] [id=42800]
  0x000001c275800330 GCTaskThread "GC Thread#8" [stack: 0x0000001e60d00000,0x0000001e60e00000] [id=30036]
  0x000001c2758005e0 GCTaskThread "GC Thread#9" [stack: 0x0000001e60e00000,0x0000001e60f00000] [id=17964]
  0x000001c275800890 GCTaskThread "GC Thread#10" [stack: 0x0000001e60f00000,0x0000001e61000000] [id=21876]
  0x000001c26ac8cd60 GCTaskThread "GC Thread#11" [stack: 0x0000001e61000000,0x0000001e61100000] [id=42128]
  0x000001c235161910 ConcurrentGCThread "G1 Main Marker" [stack: 0x0000001e5e800000,0x0000001e5e900000] [id=29988]
  0x000001c2351d0500 ConcurrentGCThread "G1 Conc#0" [stack: 0x0000001e5e900000,0x0000001e5ea00000] [id=35680]
  0x000001c262bd35f0 ConcurrentGCThread "G1 Refine#0" [stack: 0x0000001e5ea00000,0x0000001e5eb00000] [id=37864]
  0x000001c262bd4010 ConcurrentGCThread "G1 Service" [stack: 0x0000001e5eb00000,0x0000001e5ec00000] [id=11508]

Threads with active compile tasks:

VM state: synchronizing (normal execution)

VM Mutex/Monitor currently owned by a thread:  ([mutex/lock_event])
[0x000001c23513ce70] Threads_lock - owner thread: 0x000001c262c96bc0

Heap address: 0x0000000601000000, size: 8176 MB, Compressed Oops mode: Zero based, Oop shift amount: 3

CDS archive(s) mapped at: [0x0000000800000000-0x0000000800bc0000-0x0000000800bc0000), size 12320768, SharedBaseAddress: 0x0000000800000000, ArchiveRelocationMode: 0.
Compressed class space mapped at: 0x0000000800c00000-0x0000000840c00000, reserved size: 1073741824
Narrow klass base: 0x0000000800000000, Narrow klass shift: 0, Narrow klass range: 0x100000000

GC Precious Log:
 CPUs: 24 total, 24 available
 Memory: 32692M
 Large Page Support: Disabled
 NUMA Support: Disabled
 Compressed Oops: Enabled (Zero based)
 Heap Region Size: 4M
 Heap Min Capacity: 8M
 Heap Initial Capacity: 512M
 Heap Max Capacity: 8176M
 Pre-touch: Disabled
 Parallel Workers: 18
 Concurrent Workers: 5
 Concurrent Refinement Workers: 18
 Periodic GC: Disabled

Heap:
 garbage-first heap   total 524288K, used 23072K [0x0000000601000000, 0x0000000800000000)
  region size 4096K, 7 young (28672K), 1 survivors (4096K)
 Metaspace       used 8361K, committed 8640K, reserved 1064960K
  class space    used 473K, committed 576K, reserved 1048576K

Heap Regions: E=young(eden), S=young(survivor), O=old, HS=humongous(starts), HC=humongous(continues), CS=collection set, F=free, OA=open archive, CA=closed archive, TAMS=top-at-mark-start (previous, next)
|   0|0x0000000601000000, 0x0000000601000000, 0x0000000601400000|  0%| F|  |TAMS 0x0000000601000000, 0x0000000601000000| Untracked 
|   1|0x0000000601400000, 0x0000000601400000, 0x0000000601800000|  0%| F|  |TAMS 0x0000000601400000, 0x0000000601400000| Untracked 
|   2|0x0000000601800000, 0x0000000601800000, 0x0000000601c00000|  0%| F|  |TAMS 0x0000000601800000, 0x0000000601800000| Untracked 
|   3|0x0000000601c00000, 0x0000000601c00000, 0x0000000602000000|  0%| F|  |TAMS 0x0000000601c00000, 0x0000000601c00000| Untracked 
|   4|0x0000000602000000, 0x0000000602000000, 0x0000000602400000|  0%| F|  |TAMS 0x0000000602000000, 0x0000000602000000| Untracked 
|   5|0x0000000602400000, 0x0000000602400000, 0x0000000602800000|  0%| F|  |TAMS 0x0000000602400000, 0x0000000602400000| Untracked 
|   6|0x0000000602800000, 0x0000000602800000, 0x0000000602c00000|  0%| F|  |TAMS 0x0000000602800000, 0x0000000602800000| Untracked 
|   7|0x0000000602c00000, 0x0000000602c00000, 0x0000000603000000|  0%| F|  |TAMS 0x0000000602c00000, 0x0000000602c00000| Untracked 
|   8|0x0000000603000000, 0x0000000603000000, 0x0000000603400000|  0%| F|  |TAMS 0x0000000603000000, 0x0000000603000000| Untracked 
|   9|0x0000000603400000, 0x0000000603400000, 0x0000000603800000|  0%| F|  |TAMS 0x0000000603400000, 0x0000000603400000| Untracked 
|  10|0x0000000603800000, 0x0000000603800000, 0x0000000603c00000|  0%| F|  |TAMS 0x0000000603800000, 0x0000000603800000| Untracked 
|  11|0x0000000603c00000, 0x0000000603c00000, 0x0000000604000000|  0%| F|  |TAMS 0x0000000603c00000, 0x0000000603c00000| Untracked 
|  12|0x0000000604000000, 0x0000000604000000, 0x0000000604400000|  0%| F|  |TAMS 0x0000000604000000, 0x0000000604000000| Untracked 
|  13|0x0000000604400000, 0x0000000604400000, 0x0000000604800000|  0%| F|  |TAMS 0x0000000604400000, 0x0000000604400000| Untracked 
|  14|0x0000000604800000, 0x0000000604800000, 0x0000000604c00000|  0%| F|  |TAMS 0x0000000604800000, 0x0000000604800000| Untracked 
|  15|0x0000000604c00000, 0x0000000604c00000, 0x0000000605000000|  0%| F|  |TAMS 0x0000000604c00000, 0x0000000604c00000| Untracked 
|  16|0x0000000605000000, 0x0000000605000000, 0x0000000605400000|  0%| F|  |TAMS 0x0000000605000000, 0x0000000605000000| Untracked 
|  17|0x0000000605400000, 0x0000000605400000, 0x0000000605800000|  0%| F|  |TAMS 0x0000000605400000, 0x0000000605400000| Untracked 
|  18|0x0000000605800000, 0x0000000605800000, 0x0000000605c00000|  0%| F|  |TAMS 0x0000000605800000, 0x0000000605800000| Untracked 
|  19|0x0000000605c00000, 0x0000000605c00000, 0x0000000606000000|  0%| F|  |TAMS 0x0000000605c00000, 0x0000000605c00000| Untracked 
|  20|0x0000000606000000, 0x0000000606000000, 0x0000000606400000|  0%| F|  |TAMS 0x0000000606000000, 0x0000000606000000| Untracked 
|  21|0x0000000606400000, 0x0000000606400000, 0x0000000606800000|  0%| F|  |TAMS 0x0000000606400000, 0x0000000606400000| Untracked 
|  22|0x0000000606800000, 0x0000000606800000, 0x0000000606c00000|  0%| F|  |TAMS 0x0000000606800000, 0x0000000606800000| Untracked 
|  23|0x0000000606c00000, 0x0000000606c00000, 0x0000000607000000|  0%| F|  |TAMS 0x0000000606c00000, 0x0000000606c00000| Untracked 
|  24|0x0000000607000000, 0x0000000607000000, 0x0000000607400000|  0%| F|  |TAMS 0x0000000607000000, 0x0000000607000000| Untracked 
|  25|0x0000000607400000, 0x0000000607400000, 0x0000000607800000|  0%| F|  |TAMS 0x0000000607400000, 0x0000000607400000| Untracked 
|  26|0x0000000607800000, 0x0000000607800000, 0x0000000607c00000|  0%| F|  |TAMS 0x0000000607800000, 0x0000000607800000| Untracked 
|  27|0x0000000607c00000, 0x0000000607c00000, 0x0000000608000000|  0%| F|  |TAMS 0x0000000607c00000, 0x0000000607c00000| Untracked 
|  28|0x0000000608000000, 0x0000000608000000, 0x0000000608400000|  0%| F|  |TAMS 0x0000000608000000, 0x0000000608000000| Untracked 
|  29|0x0000000608400000, 0x0000000608400000, 0x0000000608800000|  0%| F|  |TAMS 0x0000000608400000, 0x0000000608400000| Untracked 
|  30|0x0000000608800000, 0x0000000608800000, 0x0000000608c00000|  0%| F|  |TAMS 0x0000000608800000, 0x0000000608800000| Untracked 
|  31|0x0000000608c00000, 0x0000000608c00000, 0x0000000609000000|  0%| F|  |TAMS 0x0000000608c00000, 0x0000000608c00000| Untracked 
|  32|0x0000000609000000, 0x0000000609000000, 0x0000000609400000|  0%| F|  |TAMS 0x0000000609000000, 0x0000000609000000| Untracked 
|  33|0x0000000609400000, 0x0000000609400000, 0x0000000609800000|  0%| F|  |TAMS 0x0000000609400000, 0x0000000609400000| Untracked 
|  34|0x0000000609800000, 0x0000000609800000, 0x0000000609c00000|  0%| F|  |TAMS 0x0000000609800000, 0x0000000609800000| Untracked 
|  35|0x0000000609c00000, 0x0000000609c00000, 0x000000060a000000|  0%| F|  |TAMS 0x0000000609c00000, 0x0000000609c00000| Untracked 
|  36|0x000000060a000000, 0x000000060a000000, 0x000000060a400000|  0%| F|  |TAMS 0x000000060a000000, 0x000000060a000000| Untracked 
|  37|0x000000060a400000, 0x000000060a400000, 0x000000060a800000|  0%| F|  |TAMS 0x000000060a400000, 0x000000060a400000| Untracked 
|  38|0x000000060a800000, 0x000000060a800000, 0x000000060ac00000|  0%| F|  |TAMS 0x000000060a800000, 0x000000060a800000| Untracked 
|  39|0x000000060ac00000, 0x000000060ac00000, 0x000000060b000000|  0%| F|  |TAMS 0x000000060ac00000, 0x000000060ac00000| Untracked 
|  40|0x000000060b000000, 0x000000060b000000, 0x000000060b400000|  0%| F|  |TAMS 0x000000060b000000, 0x000000060b000000| Untracked 
|  41|0x000000060b400000, 0x000000060b400000, 0x000000060b800000|  0%| F|  |TAMS 0x000000060b400000, 0x000000060b400000| Untracked 
|  42|0x000000060b800000, 0x000000060b800000, 0x000000060bc00000|  0%| F|  |TAMS 0x000000060b800000, 0x000000060b800000| Untracked 
|  43|0x000000060bc00000, 0x000000060bc00000, 0x000000060c000000|  0%| F|  |TAMS 0x000000060bc00000, 0x000000060bc00000| Untracked 
|  44|0x000000060c000000, 0x000000060c000000, 0x000000060c400000|  0%| F|  |TAMS 0x000000060c000000, 0x000000060c000000| Untracked 
|  45|0x000000060c400000, 0x000000060c400000, 0x000000060c800000|  0%| F|  |TAMS 0x000000060c400000, 0x000000060c400000| Untracked 
|  46|0x000000060c800000, 0x000000060c800000, 0x000000060cc00000|  0%| F|  |TAMS 0x000000060c800000, 0x000000060c800000| Untracked 
|  47|0x000000060cc00000, 0x000000060cc00000, 0x000000060d000000|  0%| F|  |TAMS 0x000000060cc00000, 0x000000060cc00000| Untracked 
|  48|0x000000060d000000, 0x000000060d000000, 0x000000060d400000|  0%| F|  |TAMS 0x000000060d000000, 0x000000060d000000| Untracked 
|  49|0x000000060d400000, 0x000000060d400000, 0x000000060d800000|  0%| F|  |TAMS 0x000000060d400000, 0x000000060d400000| Untracked 
|  50|0x000000060d800000, 0x000000060d800000, 0x000000060dc00000|  0%| F|  |TAMS 0x000000060d800000, 0x000000060d800000| Untracked 
|  51|0x000000060dc00000, 0x000000060dc00000, 0x000000060e000000|  0%| F|  |TAMS 0x000000060dc00000, 0x000000060dc00000| Untracked 
|  52|0x000000060e000000, 0x000000060e000000, 0x000000060e400000|  0%| F|  |TAMS 0x000000060e000000, 0x000000060e000000| Untracked 
|  53|0x000000060e400000, 0x000000060e400000, 0x000000060e800000|  0%| F|  |TAMS 0x000000060e400000, 0x000000060e400000| Untracked 
|  54|0x000000060e800000, 0x000000060e800000, 0x000000060ec00000|  0%| F|  |TAMS 0x000000060e800000, 0x000000060e800000| Untracked 
|  55|0x000000060ec00000, 0x000000060ec00000, 0x000000060f000000|  0%| F|  |TAMS 0x000000060ec00000, 0x000000060ec00000| Untracked 
|  56|0x000000060f000000, 0x000000060f000000, 0x000000060f400000|  0%| F|  |TAMS 0x000000060f000000, 0x000000060f000000| Untracked 
|  57|0x000000060f400000, 0x000000060f400000, 0x000000060f800000|  0%| F|  |TAMS 0x000000060f400000, 0x000000060f400000| Untracked 
|  58|0x000000060f800000, 0x000000060f800000, 0x000000060fc00000|  0%| F|  |TAMS 0x000000060f800000, 0x000000060f800000| Untracked 
|  59|0x000000060fc00000, 0x000000060fc00000, 0x0000000610000000|  0%| F|  |TAMS 0x000000060fc00000, 0x000000060fc00000| Untracked 
|  60|0x0000000610000000, 0x0000000610000000, 0x0000000610400000|  0%| F|  |TAMS 0x0000000610000000, 0x0000000610000000| Untracked 
|  61|0x0000000610400000, 0x0000000610400000, 0x0000000610800000|  0%| F|  |TAMS 0x0000000610400000, 0x0000000610400000| Untracked 
|  62|0x0000000610800000, 0x0000000610800000, 0x0000000610c00000|  0%| F|  |TAMS 0x0000000610800000, 0x0000000610800000| Untracked 
|  63|0x0000000610c00000, 0x0000000610c00000, 0x0000000611000000|  0%| F|  |TAMS 0x0000000610c00000, 0x0000000610c00000| Untracked 
|  64|0x0000000611000000, 0x0000000611000000, 0x0000000611400000|  0%| F|  |TAMS 0x0000000611000000, 0x0000000611000000| Untracked 
|  65|0x0000000611400000, 0x0000000611400000, 0x0000000611800000|  0%| F|  |TAMS 0x0000000611400000, 0x0000000611400000| Untracked 
|  66|0x0000000611800000, 0x0000000611800000, 0x0000000611c00000|  0%| F|  |TAMS 0x0000000611800000, 0x0000000611800000| Untracked 
|  67|0x0000000611c00000, 0x0000000611c00000, 0x0000000612000000|  0%| F|  |TAMS 0x0000000611c00000, 0x0000000611c00000| Untracked 
|  68|0x0000000612000000, 0x0000000612000000, 0x0000000612400000|  0%| F|  |TAMS 0x0000000612000000, 0x0000000612000000| Untracked 
|  69|0x0000000612400000, 0x0000000612400000, 0x0000000612800000|  0%| F|  |TAMS 0x0000000612400000, 0x0000000612400000| Untracked 
|  70|0x0000000612800000, 0x0000000612800000, 0x0000000612c00000|  0%| F|  |TAMS 0x0000000612800000, 0x0000000612800000| Untracked 
|  71|0x0000000612c00000, 0x0000000612c00000, 0x0000000613000000|  0%| F|  |TAMS 0x0000000612c00000, 0x0000000612c00000| Untracked 
|  72|0x0000000613000000, 0x0000000613000000, 0x0000000613400000|  0%| F|  |TAMS 0x0000000613000000, 0x0000000613000000| Untracked 
|  73|0x0000000613400000, 0x0000000613400000, 0x0000000613800000|  0%| F|  |TAMS 0x0000000613400000, 0x0000000613400000| Untracked 
|  74|0x0000000613800000, 0x0000000613800000, 0x0000000613c00000|  0%| F|  |TAMS 0x0000000613800000, 0x0000000613800000| Untracked 
|  75|0x0000000613c00000, 0x0000000613c00000, 0x0000000614000000|  0%| F|  |TAMS 0x0000000613c00000, 0x0000000613c00000| Untracked 
|  76|0x0000000614000000, 0x0000000614000000, 0x0000000614400000|  0%| F|  |TAMS 0x0000000614000000, 0x0000000614000000| Untracked 
|  77|0x0000000614400000, 0x0000000614400000, 0x0000000614800000|  0%| F|  |TAMS 0x0000000614400000, 0x0000000614400000| Untracked 
|  78|0x0000000614800000, 0x0000000614800000, 0x0000000614c00000|  0%| F|  |TAMS 0x0000000614800000, 0x0000000614800000| Untracked 
|  79|0x0000000614c00000, 0x0000000614c00000, 0x0000000615000000|  0%| F|  |TAMS 0x0000000614c00000, 0x0000000614c00000| Untracked 
|  80|0x0000000615000000, 0x0000000615000000, 0x0000000615400000|  0%| F|  |TAMS 0x0000000615000000, 0x0000000615000000| Untracked 
|  81|0x0000000615400000, 0x0000000615400000, 0x0000000615800000|  0%| F|  |TAMS 0x0000000615400000, 0x0000000615400000| Untracked 
|  82|0x0000000615800000, 0x0000000615800000, 0x0000000615c00000|  0%| F|  |TAMS 0x0000000615800000, 0x0000000615800000| Untracked 
|  83|0x0000000615c00000, 0x0000000615c00000, 0x0000000616000000|  0%| F|  |TAMS 0x0000000615c00000, 0x0000000615c00000| Untracked 
|  84|0x0000000616000000, 0x0000000616000000, 0x0000000616400000|  0%| F|  |TAMS 0x0000000616000000, 0x0000000616000000| Untracked 
|  85|0x0000000616400000, 0x0000000616400000, 0x0000000616800000|  0%| F|  |TAMS 0x0000000616400000, 0x0000000616400000| Untracked 
|  86|0x0000000616800000, 0x0000000616800000, 0x0000000616c00000|  0%| F|  |TAMS 0x0000000616800000, 0x0000000616800000| Untracked 
|  87|0x0000000616c00000, 0x0000000616c00000, 0x0000000617000000|  0%| F|  |TAMS 0x0000000616c00000, 0x0000000616c00000| Untracked 
|  88|0x0000000617000000, 0x0000000617000000, 0x0000000617400000|  0%| F|  |TAMS 0x0000000617000000, 0x0000000617000000| Untracked 
|  89|0x0000000617400000, 0x0000000617400000, 0x0000000617800000|  0%| F|  |TAMS 0x0000000617400000, 0x0000000617400000| Untracked 
|  90|0x0000000617800000, 0x0000000617800000, 0x0000000617c00000|  0%| F|  |TAMS 0x0000000617800000, 0x0000000617800000| Untracked 
|  91|0x0000000617c00000, 0x0000000617c00000, 0x0000000618000000|  0%| F|  |TAMS 0x0000000617c00000, 0x0000000617c00000| Untracked 
|  92|0x0000000618000000, 0x0000000618000000, 0x0000000618400000|  0%| F|  |TAMS 0x0000000618000000, 0x0000000618000000| Untracked 
|  93|0x0000000618400000, 0x0000000618400000, 0x0000000618800000|  0%| F|  |TAMS 0x0000000618400000, 0x0000000618400000| Untracked 
|  94|0x0000000618800000, 0x0000000618800000, 0x0000000618c00000|  0%| F|  |TAMS 0x0000000618800000, 0x0000000618800000| Untracked 
|  95|0x0000000618c00000, 0x0000000618c00000, 0x0000000619000000|  0%| F|  |TAMS 0x0000000618c00000, 0x0000000618c00000| Untracked 
|  96|0x0000000619000000, 0x0000000619000000, 0x0000000619400000|  0%| F|  |TAMS 0x0000000619000000, 0x0000000619000000| Untracked 
|  97|0x0000000619400000, 0x0000000619400000, 0x0000000619800000|  0%| F|  |TAMS 0x0000000619400000, 0x0000000619400000| Untracked 
|  98|0x0000000619800000, 0x0000000619800000, 0x0000000619c00000|  0%| F|  |TAMS 0x0000000619800000, 0x0000000619800000| Untracked 
|  99|0x0000000619c00000, 0x0000000619c00000, 0x000000061a000000|  0%| F|  |TAMS 0x0000000619c00000, 0x0000000619c00000| Untracked 
| 100|0x000000061a000000, 0x000000061a000000, 0x000000061a400000|  0%| F|  |TAMS 0x000000061a000000, 0x000000061a000000| Untracked 
| 101|0x000000061a400000, 0x000000061a400000, 0x000000061a800000|  0%| F|  |TAMS 0x000000061a400000, 0x000000061a400000| Untracked 
| 102|0x000000061a800000, 0x000000061a800000, 0x000000061ac00000|  0%| F|  |TAMS 0x000000061a800000, 0x000000061a800000| Untracked 
| 103|0x000000061ac00000, 0x000000061ac00000, 0x000000061b000000|  0%| F|  |TAMS 0x000000061ac00000, 0x000000061ac00000| Untracked 
| 104|0x000000061b000000, 0x000000061b000000, 0x000000061b400000|  0%| F|  |TAMS 0x000000061b000000, 0x000000061b000000| Untracked 
| 105|0x000000061b400000, 0x000000061b400000, 0x000000061b800000|  0%| F|  |TAMS 0x000000061b400000, 0x000000061b400000| Untracked 
| 106|0x000000061b800000, 0x000000061b800000, 0x000000061bc00000|  0%| F|  |TAMS 0x000000061b800000, 0x000000061b800000| Untracked 
| 107|0x000000061bc00000, 0x000000061bc00000, 0x000000061c000000|  0%| F|  |TAMS 0x000000061bc00000, 0x000000061bc00000| Untracked 
| 108|0x000000061c000000, 0x000000061c000000, 0x000000061c400000|  0%| F|  |TAMS 0x000000061c000000, 0x000000061c000000| Untracked 
| 109|0x000000061c400000, 0x000000061c400000, 0x000000061c800000|  0%| F|  |TAMS 0x000000061c400000, 0x000000061c400000| Untracked 
| 110|0x000000061c800000, 0x000000061c800000, 0x000000061cc00000|  0%| F|  |TAMS 0x000000061c800000, 0x000000061c800000| Untracked 
| 111|0x000000061cc00000, 0x000000061cc00000, 0x000000061d000000|  0%| F|  |TAMS 0x000000061cc00000, 0x000000061cc00000| Untracked 
| 112|0x000000061d000000, 0x000000061d000000, 0x000000061d400000|  0%| F|  |TAMS 0x000000061d000000, 0x000000061d000000| Untracked 
| 113|0x000000061d400000, 0x000000061d400000, 0x000000061d800000|  0%| F|  |TAMS 0x000000061d400000, 0x000000061d400000| Untracked 
| 114|0x000000061d800000, 0x000000061d800000, 0x000000061dc00000|  0%| F|  |TAMS 0x000000061d800000, 0x000000061d800000| Untracked 
| 115|0x000000061dc00000, 0x000000061dc00000, 0x000000061e000000|  0%| F|  |TAMS 0x000000061dc00000, 0x000000061dc00000| Untracked 
| 116|0x000000061e000000, 0x000000061e000000, 0x000000061e400000|  0%| F|  |TAMS 0x000000061e000000, 0x000000061e000000| Untracked 
| 117|0x000000061e400000, 0x000000061e400000, 0x000000061e800000|  0%| F|  |TAMS 0x000000061e400000, 0x000000061e400000| Untracked 
| 118|0x000000061e800000, 0x000000061e800000, 0x000000061ec00000|  0%| F|  |TAMS 0x000000061e800000, 0x000000061e800000| Untracked 
| 119|0x000000061ec00000, 0x000000061ec00000, 0x000000061f000000|  0%| F|  |TAMS 0x000000061ec00000, 0x000000061ec00000| Untracked 
| 120|0x000000061f000000, 0x000000061f000000, 0x000000061f400000|  0%| F|  |TAMS 0x000000061f000000, 0x000000061f000000| Untracked 
| 121|0x000000061f400000, 0x000000061f688190, 0x000000061f800000| 63%| S|CS|TAMS 0x000000061f400000, 0x000000061f400000| Complete 
| 122|0x000000061f800000, 0x000000061f8a45a0, 0x000000061fc00000| 16%| E|  |TAMS 0x000000061f800000, 0x000000061f800000| Complete 
| 123|0x000000061fc00000, 0x0000000620000000, 0x0000000620000000|100%| E|CS|TAMS 0x000000061fc00000, 0x000000061fc00000| Complete 
| 124|0x0000000620000000, 0x0000000620400000, 0x0000000620400000|100%| E|CS|TAMS 0x0000000620000000, 0x0000000620000000| Complete 
| 125|0x0000000620400000, 0x0000000620800000, 0x0000000620800000|100%| E|CS|TAMS 0x0000000620400000, 0x0000000620400000| Complete 
| 126|0x0000000620800000, 0x0000000620c00000, 0x0000000620c00000|100%| E|CS|TAMS 0x0000000620800000, 0x0000000620800000| Complete 
| 127|0x0000000620c00000, 0x0000000621000000, 0x0000000621000000|100%| E|CS|TAMS 0x0000000620c00000, 0x0000000620c00000| Complete 

Card table byte_map: [0x000001c24d710000,0x000001c24e710000] _byte_map_base: 0x000001c24a708000

Marking Bits (Prev, Next): (CMBitMap*) 0x000001c2351bdcc0, (CMBitMap*) 0x000001c2351bdd00
 Prev Bits: [0x000001c24f710000, 0x000001c2576d0000)
 Next Bits: [0x000001c2576d0000, 0x000001c25f690000)

Polling page: 0x000001c233100000

Metaspace:

Usage:
  Non-class:      7.70 MB used.
      Class:    473.20 KB used.
       Both:      8.17 MB used.

Virtual space:
  Non-class space:       16.00 MB reserved,       7.88 MB ( 49%) committed,  2 nodes.
      Class space:        1.00 GB reserved,     576.00 KB ( <1%) committed,  1 nodes.
             Both:        1.02 GB reserved,       8.44 MB ( <1%) committed. 

Chunk freelists:
   Non-Class:  2.42 MB
       Class:  3.38 MB
        Both:  5.80 MB

MaxMetaspaceSize: unlimited
CompressedClassSpaceSize: 1.00 GB
Initial GC threshold: 21.00 MB
Current GC threshold: 21.00 MB
CDS: on
MetaspaceReclaimPolicy: balanced
 - commit_granule_bytes: 65536.
 - commit_granule_words: 8192.
 - virtual_space_node_default_size: 1048576.
 - enlarge_chunks_in_place: 1.
 - new_chunks_are_fully_committed: 0.
 - uncommit_free_chunks: 1.
 - use_allocation_guard: 0.
 - handle_deallocations: 1.


Internal statistics:

num_allocs_failed_limit: 0.
num_arena_births: 230.
num_arena_deaths: 0.
num_vsnodes_births: 3.
num_vsnodes_deaths: 0.
num_space_committed: 133.
num_space_uncommitted: 0.
num_chunks_returned_to_freelist: 0.
num_chunks_taken_from_freelist: 495.
num_chunk_merges: 0.
num_chunk_splits: 345.
num_chunks_enlarged: 235.
num_purges: 0.
num_inconsistent_stats: 0.

CodeHeap 'non-profiled nmethods': size=119168Kb used=755Kb max_used=755Kb free=118412Kb
 bounds [0x000001c2444e0000, 0x000001c244750000, 0x000001c24b940000]
CodeHeap 'profiled nmethods': size=119104Kb used=3026Kb max_used=3026Kb free=116077Kb
 bounds [0x000001c23d090000, 0x000001c23d390000, 0x000001c2444e0000]
CodeHeap 'non-nmethods': size=7488Kb used=1676Kb max_used=3392Kb free=5811Kb
 bounds [0x000001c23c940000, 0x000001c23cca0000, 0x000001c23d090000]
 total_blobs=2978 nmethods=1847 adapters=1044
 compilation: enabled
              stopped_count=0, restarted_count=0
 full_count=0

Compilation events (20 events):
Event: 8.669 Thread 0x000001c262cbd550 1838       4       com.gnix.jflatgl.core.renderEngine.fonts.fontRendering.TextMaster::render (16 bytes)
Event: 8.676 Thread 0x000001c262cbd550 nmethod 1838 0x000001c244599d90 code [0x000001c244599fc0, 0x000001c24459a860]
Event: 8.909 Thread 0x000001c262cbd550 1839       4       com.gnix.jflatgl.core.renderEngine.elements.RenderElement::transform (52 bytes)
Event: 8.914 Thread 0x000001c262cbd550 nmethod 1839 0x000001c24459b210 code [0x000001c24459b440, 0x000001c24459be78]
Event: 10.467 Thread 0x000001c262cbdff0 1840       3       java.lang.Class::cast (27 bytes)
Event: 10.467 Thread 0x000001c262cbdff0 nmethod 1840 0x000001c23d382a90 code [0x000001c23d382c40, 0x000001c23d382ef8]
Event: 10.523 Thread 0x000001c262cbd550 1841       4       java.lang.ref.Reference::<init> (25 bytes)
Event: 10.524 Thread 0x000001c262cbd550 nmethod 1841 0x000001c24459c410 code [0x000001c24459c580, 0x000001c24459c7d8]
Event: 10.634 Thread 0x000001c262cbd550 1842       4       com.gnix.jflatgl.core.renderEngine.ppfx.effects.ToScreen::init (1 bytes)
Event: 10.634 Thread 0x000001c262cbd550 nmethod 1842 0x000001c24459c890 code [0x000001c24459ca00, 0x000001c24459ca78]
Event: 10.725 Thread 0x000001c262cbd550 1843       4       org.lwjgl.glfw.GLFW::glfwMakeContextCurrent (10 bytes)
Event: 10.725 Thread 0x000001c262cbd550 nmethod 1843 0x000001c24459cb90 code [0x000001c24459cd20, 0x000001c24459cda8]
Event: 12.824 Thread 0x000001c262cbdff0 1844       3       java.util.concurrent.ConcurrentHashMap::isEmpty (15 bytes)
Event: 12.824 Thread 0x000001c262cbdff0 nmethod 1844 0x000001c23d383010 code [0x000001c23d3831c0, 0x000001c23d383368]
Event: 12.824 Thread 0x000001c262cbdff0 1846       3       jdk.internal.loader.NativeLibraries::find (72 bytes)
Event: 12.824 Thread 0x000001c262cbdff0 nmethod 1846 0x000001c23d383410 code [0x000001c23d383640, 0x000001c23d383ed8]
Event: 12.824 Thread 0x000001c262cbdff0 1845       3       java.lang.ClassLoader::findNative (21 bytes)
Event: 12.824 Thread 0x000001c262cbdff0 nmethod 1845 0x000001c23d384190 code [0x000001c23d384360, 0x000001c23d384578]
Event: 12.824 Thread 0x000001c262cbdff0 1847       3       java.util.Collections$SetFromMap::add (22 bytes)
Event: 12.824 Thread 0x000001c262cbdff0 nmethod 1847 0x000001c23d384690 code [0x000001c23d384840, 0x000001c23d384a88]

GC Heap History (2 events):
Event: 0.760 GC heap before
{Heap before GC invocations=0 (full 0):
 garbage-first heap   total 524288K, used 24576K [0x0000000601000000, 0x0000000800000000)
  region size 4096K, 6 young (24576K), 0 survivors (0K)
 Metaspace       used 6486K, committed 6784K, reserved 1064960K
  class space    used 405K, committed 512K, reserved 1048576K
}
Event: 0.762 GC heap after
{Heap after GC invocations=1 (full 0):
 garbage-first heap   total 524288K, used 2592K [0x0000000601000000, 0x0000000800000000)
  region size 4096K, 1 young (4096K), 1 survivors (4096K)
 Metaspace       used 6486K, committed 6784K, reserved 1064960K
  class space    used 405K, committed 512K, reserved 1048576K
}

Deoptimization events (20 events):
Event: 1.578 Thread 0x000001c235142410 DEOPT PACKING pc=0x000001c2445203f4 sp=0x0000001e5e6fe700
Event: 1.578 Thread 0x000001c235142410 DEOPT UNPACKING pc=0x000001c23c9923a3 sp=0x0000001e5e6fe690 mode 2
Event: 1.583 Thread 0x000001c235142410 DEOPT PACKING pc=0x000001c23d2fa9d6 sp=0x0000001e5e6fe720
Event: 1.583 Thread 0x000001c235142410 DEOPT UNPACKING pc=0x000001c23c992b43 sp=0x0000001e5e6fdba8 mode 0
Event: 1.592 Thread 0x000001c235142410 DEOPT PACKING pc=0x000001c23d2fa9d6 sp=0x0000001e5e6fe690
Event: 1.592 Thread 0x000001c235142410 DEOPT UNPACKING pc=0x000001c23c992b43 sp=0x0000001e5e6fdb18 mode 0
Event: 1.595 Thread 0x000001c235142410 Uncommon trap: trap_request=0xffffff45 fr.pc=0x000001c24454ff74 relative=0x00000000000000d4
Event: 1.595 Thread 0x000001c235142410 Uncommon trap: reason=unstable_if action=reinterpret pc=0x000001c24454ff74 method=java.lang.Long.valueOf(J)Ljava/lang/Long; @ 17 c2
Event: 1.595 Thread 0x000001c235142410 DEOPT PACKING pc=0x000001c24454ff74 sp=0x0000001e5e6fe110
Event: 1.595 Thread 0x000001c235142410 DEOPT UNPACKING pc=0x000001c23c9923a3 sp=0x0000001e5e6fe0a8 mode 2
Event: 6.953 Thread 0x000001c235142410 DEOPT PACKING pc=0x000001c23d2fa9d6 sp=0x0000001e5e6fe760
Event: 6.953 Thread 0x000001c235142410 DEOPT UNPACKING pc=0x000001c23c992b43 sp=0x0000001e5e6fdbe8 mode 0
Event: 6.959 Thread 0x000001c235142410 DEOPT PACKING pc=0x000001c23d2fa9d6 sp=0x0000001e5e6fe730
Event: 6.959 Thread 0x000001c235142410 DEOPT UNPACKING pc=0x000001c23c992b43 sp=0x0000001e5e6fdbb8 mode 0
Event: 7.719 Thread 0x000001c235142410 DEOPT PACKING pc=0x000001c23d2fa9d6 sp=0x0000001e5e6fe730
Event: 7.719 Thread 0x000001c235142410 DEOPT UNPACKING pc=0x000001c23c992b43 sp=0x0000001e5e6fdbb8 mode 0
Event: 8.172 Thread 0x000001c235142410 DEOPT PACKING pc=0x000001c23d36d859 sp=0x0000001e5e6feb80
Event: 8.172 Thread 0x000001c235142410 DEOPT UNPACKING pc=0x000001c23c992b43 sp=0x0000001e5e6fe048 mode 0
Event: 8.172 Thread 0x000001c235142410 DEOPT PACKING pc=0x000001c23d36e5f4 sp=0x0000001e5e6feb50
Event: 8.172 Thread 0x000001c235142410 DEOPT UNPACKING pc=0x000001c23c992b43 sp=0x0000001e5e6fe030 mode 0

Classes unloaded (0 events):
No events

Classes redefined (0 events):
No events

Internal exceptions (20 events):
Event: 0.140 Thread 0x000001c235142410 Exception <a 'java/lang/NoSuchMethodError'{0x0000000620a15bd8}: 'java.lang.Object java.lang.invoke.DirectMethodHandle$Holder.newInvokeSpecial(java.lang.Object, java.lang.Object, int)'> (0x0000000620a15bd8) 
thrown [t:\workspace\open\src\hotspot\share\interpreter\linkResolver.cpp, line 766]
Event: 0.142 Thread 0x000001c235142410 Exception <a 'java/lang/NoSuchMethodError'{0x0000000620a24a20}: 'int java.lang.invoke.DirectMethodHandle$Holder.invokeStaticInit(java.lang.Object, java.lang.Object, long, long)'> (0x0000000620a24a20) 
thrown [t:\workspace\open\src\hotspot\share\interpreter\linkResolver.cpp, line 766]
Event: 0.142 Thread 0x000001c235142410 Exception <a 'java/lang/NoSuchMethodError'{0x0000000620a2ab30}: 'java.lang.Object java.lang.invoke.DirectMethodHandle$Holder.newInvokeSpecial(java.lang.Object, java.lang.Object, long)'> (0x0000000620a2ab30) 
thrown [t:\workspace\open\src\hotspot\share\interpreter\linkResolver.cpp, line 766]
Event: 0.142 Thread 0x000001c235142410 Exception <a 'java/lang/NoSuchMethodError'{0x0000000620a2eb78}: 'java.lang.Object java.lang.invoke.Invokers$Holder.linkToTargetMethod(java.lang.Object, long, java.lang.Object)'> (0x0000000620a2eb78) 
thrown [t:\workspace\open\src\hotspot\share\interpreter\linkResolver.cpp, line 766]
Event: 0.143 Thread 0x000001c235142410 Exception <a 'java/lang/NoSuchMethodError'{0x0000000620a36290}: 'int java.lang.invoke.DirectMethodHandle$Holder.invokeStaticInit(java.lang.Object, java.lang.Object, java.lang.Object, long)'> (0x0000000620a36290) 
thrown [t:\workspace\open\src\hotspot\share\interpreter\linkResolver.cpp, line 766]
Event: 0.158 Thread 0x000001c235142410 Exception <a 'sun/nio/fs/WindowsException'{0x0000000620ad1f18}> (0x0000000620ad1f18) 
thrown [t:\workspace\open\src\hotspot\share\prims\jni.cpp, line 516]
Event: 0.158 Thread 0x000001c235142410 Exception <a 'sun/nio/fs/WindowsException'{0x0000000620ad22a0}> (0x0000000620ad22a0) 
thrown [t:\workspace\open\src\hotspot\share\prims\jni.cpp, line 516]
Event: 0.423 Thread 0x000001c235142410 Exception <a 'sun/nio/fs/WindowsException'{0x0000000620b7aa48}> (0x0000000620b7aa48) 
thrown [t:\workspace\open\src\hotspot\share\prims\jni.cpp, line 516]
Event: 0.423 Thread 0x000001c235142410 Exception <a 'sun/nio/fs/WindowsException'{0x0000000620b7ade8}> (0x0000000620b7ade8) 
thrown [t:\workspace\open\src\hotspot\share\prims\jni.cpp, line 516]
Event: 0.427 Thread 0x000001c235142410 Exception <a 'java/lang/NoSuchMethodError'{0x0000000620b92a00}: 'void java.lang.invoke.DirectMethodHandle$Holder.invokeStatic(java.lang.Object, long)'> (0x0000000620b92a00) 
thrown [t:\workspace\open\src\hotspot\share\interpreter\linkResolver.cpp, line 766]
Event: 0.437 Thread 0x000001c235142410 Exception <a 'sun/nio/fs/WindowsException'{0x0000000620bd0e10}> (0x0000000620bd0e10) 
thrown [t:\workspace\open\src\hotspot\share\prims\jni.cpp, line 516]
Event: 0.437 Thread 0x000001c235142410 Exception <a 'sun/nio/fs/WindowsException'{0x0000000620bd11d0}> (0x0000000620bd11d0) 
thrown [t:\workspace\open\src\hotspot\share\prims\jni.cpp, line 516]
Event: 0.439 Thread 0x000001c235142410 Exception <a 'sun/nio/fs/WindowsException'{0x0000000620bd88a8}> (0x0000000620bd88a8) 
thrown [t:\workspace\open\src\hotspot\share\prims\jni.cpp, line 516]
Event: 0.439 Thread 0x000001c235142410 Exception <a 'sun/nio/fs/WindowsException'{0x0000000620bd8ba8}> (0x0000000620bd8ba8) 
thrown [t:\workspace\open\src\hotspot\share\prims\jni.cpp, line 516]
Event: 0.572 Thread 0x000001c235142410 Exception <a 'java/lang/NoSuchMethodError'{0x0000000620280c00}: 'java.lang.Object java.lang.invoke.DirectMethodHandle$Holder.invokeSpecial(java.lang.Object, java.lang.Object, long, int, int, int, int, int, java.lang.Object)'> (0x0000000620280c00) 
thrown [t:\workspace\open\src\hotspot\share\interpreter\linkResolver.cpp, line 766]
Event: 0.572 Thread 0x000001c235142410 Exception <a 'java/lang/NoSuchMethodError'{0x0000000620284518}: 'java.lang.Object java.lang.invoke.DelegatingMethodHandle$Holder.reinvoke_L(java.lang.Object, long, int, int, int, int, int, java.lang.Object)'> (0x0000000620284518) 
thrown [t:\workspace\open\src\hotspot\share\interpreter\linkResolver.cpp, line 766]
Event: 0.602 Thread 0x000001c235142410 Exception <a 'sun/nio/fs/WindowsException'{0x00000006202d65b8}> (0x00000006202d65b8) 
thrown [t:\workspace\open\src\hotspot\share\prims\jni.cpp, line 516]
Event: 0.603 Thread 0x000001c235142410 Exception <a 'sun/nio/fs/WindowsException'{0x00000006202d6958}> (0x00000006202d6958) 
thrown [t:\workspace\open\src\hotspot\share\prims\jni.cpp, line 516]
Event: 0.624 Thread 0x000001c235142410 Exception <a 'java/lang/NoSuchMethodError'{0x0000000620301808}: 'java.lang.Object java.lang.invoke.DirectMethodHandle$Holder.newInvokeSpecial(java.lang.Object, long)'> (0x0000000620301808) 
thrown [t:\workspace\open\src\hotspot\share\interpreter\linkResolver.cpp, line 766]
Event: 0.638 Thread 0x000001c235142410 Exception <a 'java/lang/ClassNotFoundException'{0x000000062038e518}: sun/net/www/protocol/c/Handler> (0x000000062038e518) 
thrown [t:\workspace\open\src\hotspot\share\classfile\systemDictionary.cpp, line 256]

VM Operations (20 events):
Event: 0.759 Executing VM operation: HandshakeAllThreads
Event: 0.759 Executing VM operation: HandshakeAllThreads done
Event: 0.760 Executing VM operation: G1CollectForAllocation
Event: 0.762 Executing VM operation: G1CollectForAllocation done
Event: 0.765 Executing VM operation: HandshakeAllThreads
Event: 0.765 Executing VM operation: HandshakeAllThreads done
Event: 1.769 Executing VM operation: Cleanup
Event: 1.769 Executing VM operation: Cleanup done
Event: 2.776 Executing VM operation: Cleanup
Event: 2.776 Executing VM operation: Cleanup done
Event: 5.794 Executing VM operation: Cleanup
Event: 5.794 Executing VM operation: Cleanup done
Event: 6.801 Executing VM operation: Cleanup
Event: 6.801 Executing VM operation: Cleanup done
Event: 7.809 Executing VM operation: Cleanup
Event: 7.809 Executing VM operation: Cleanup done
Event: 8.817 Executing VM operation: Cleanup
Event: 8.817 Executing VM operation: Cleanup done
Event: 10.831 Executing VM operation: Cleanup
Event: 10.831 Executing VM operation: Cleanup done

Events (20 events):
Event: 1.113 loading class sun/util/locale/provider/BaseLocaleDataMetaInfo done
Event: 1.114 loading class sun/util/resources/cldr/TimeZoneNames
Event: 1.114 loading class sun/util/resources/TimeZoneNamesBundle
Event: 1.114 loading class sun/util/resources/OpenListResourceBundle
Event: 1.114 loading class sun/util/resources/OpenListResourceBundle done
Event: 1.114 loading class sun/util/resources/TimeZoneNamesBundle done
Event: 1.114 loading class sun/util/resources/cldr/TimeZoneNames done
Event: 1.114 loading class sun/util/resources/cldr/TimeZoneNames_en
Event: 1.115 loading class sun/util/resources/cldr/TimeZoneNames_en done
Event: 1.115 loading class sun/util/resources/cldr/TimeZoneNames_en_US
Event: 1.115 loading class sun/util/resources/cldr/TimeZoneNames_en_US done
Event: 1.115 loading class java/util/LinkedHashMap$LinkedKeySet
Event: 1.115 loading class java/util/LinkedHashMap$LinkedKeySet done
Event: 2.727 Thread 0x000001c26a8a8400 Thread exited: 0x000001c26a8a8400
Event: 4.680 Thread 0x000001c262e5a6f0 Thread exited: 0x000001c262e5a6f0
Event: 4.836 Thread 0x000001c262e481f0 Thread exited: 0x000001c262e481f0
Event: 5.517 Thread 0x000001c2630477c0 Thread added: 0x000001c2630477c0
Event: 5.517 Thread 0x000001c263047cd0 Thread added: 0x000001c263047cd0
Event: 6.950 Thread 0x000001c263047cd0 Thread exited: 0x000001c263047cd0
Event: 6.950 Thread 0x000001c2630477c0 Thread exited: 0x000001c2630477c0


Dynamic libraries:
0x00007ff797340000 - 0x00007ff79734e000 	C:\Program Files\Java\jdk-17.0.1\bin\java.exe
0x00007ffd19f30000 - 0x00007ffd1a125000 	C:\Windows\SYSTEM32\ntdll.dll
0x00007ffd19070000 - 0x00007ffd1912e000 	C:\Windows\System32\KERNEL32.DLL
0x00007ffd179d0000 - 0x00007ffd17c98000 	C:\Windows\System32\KERNELBASE.dll
0x00007ffd17640000 - 0x00007ffd17740000 	C:\Windows\System32\ucrtbase.dll
0x00007ffd01560000 - 0x00007ffd01578000 	C:\Program Files\Java\jdk-17.0.1\bin\jli.dll
0x00007ffd06970000 - 0x00007ffd0698a000 	C:\Program Files\Java\jdk-17.0.1\bin\VCRUNTIME140.dll
0x00007ffd18eb0000 - 0x00007ffd19051000 	C:\Windows\System32\USER32.dll
0x00007ffd0af90000 - 0x00007ffd0b22a000 	C:\Windows\WinSxS\amd64_microsoft.windows.common-controls_6595b64144ccf1df_6.0.19041.1110_none_60b5254171f9507e\COMCTL32.dll
0x00007ffd17740000 - 0x00007ffd17762000 	C:\Windows\System32\win32u.dll
0x00007ffd18e10000 - 0x00007ffd18eae000 	C:\Windows\System32\msvcrt.dll
0x00007ffd19970000 - 0x00007ffd1999b000 	C:\Windows\System32\GDI32.dll
0x00007ffd17820000 - 0x00007ffd1792d000 	C:\Windows\System32\gdi32full.dll
0x00007ffd17930000 - 0x00007ffd179cd000 	C:\Windows\System32\msvcp_win.dll
0x00007ffd194c0000 - 0x00007ffd194f0000 	C:\Windows\System32\IMM32.DLL
0x00007ffd06a30000 - 0x00007ffd06a3c000 	C:\Program Files\Java\jdk-17.0.1\bin\vcruntime140_1.dll
0x00007ffcf32c0000 - 0x00007ffcf334d000 	C:\Program Files\Java\jdk-17.0.1\bin\msvcp140.dll
0x00007ffc650c0000 - 0x00007ffc65c7e000 	C:\Program Files\Java\jdk-17.0.1\bin\server\jvm.dll
0x00007ffd19ab0000 - 0x00007ffd19b5c000 	C:\Windows\System32\ADVAPI32.dll
0x00007ffd199a0000 - 0x00007ffd19a3b000 	C:\Windows\System32\sechost.dll
0x00007ffd191e0000 - 0x00007ffd1930a000 	C:\Windows\System32\RPCRT4.dll
0x00007ffd19a40000 - 0x00007ffd19a48000 	C:\Windows\System32\PSAPI.DLL
0x00007ffcec1b0000 - 0x00007ffcec1b9000 	C:\Windows\SYSTEM32\WSOCK32.dll
0x00007ffd19380000 - 0x00007ffd193eb000 	C:\Windows\System32\WS2_32.dll
0x00007ffd102b0000 - 0x00007ffd102ba000 	C:\Windows\SYSTEM32\VERSION.dll
0x00007ffd0d530000 - 0x00007ffd0d557000 	C:\Windows\SYSTEM32\WINMM.dll
0x00007ffd15550000 - 0x00007ffd15562000 	C:\Windows\SYSTEM32\kernel.appcore.dll
0x00007ffd06960000 - 0x00007ffd0696a000 	C:\Program Files\Java\jdk-17.0.1\bin\jimage.dll
0x00007ffd0baa0000 - 0x00007ffd0bc84000 	C:\Windows\SYSTEM32\DBGHELP.DLL
0x00007ffd006e0000 - 0x00007ffd0070c000 	C:\Windows\SYSTEM32\dbgcore.DLL
0x00007ffd17e30000 - 0x00007ffd17eb2000 	C:\Windows\System32\bcryptPrimitives.dll
0x00007ffd04630000 - 0x00007ffd0463e000 	C:\Program Files\Java\jdk-17.0.1\bin\instrument.dll
0x00007ffcfe800000 - 0x00007ffcfe825000 	C:\Program Files\Java\jdk-17.0.1\bin\java.dll
0x00007ffcc1060000 - 0x00007ffcc1136000 	C:\Program Files\Java\jdk-17.0.1\bin\svml.dll
0x00007ffd18120000 - 0x00007ffd18864000 	C:\Windows\System32\SHELL32.dll
0x00007ffd15750000 - 0x00007ffd15ee4000 	C:\Windows\SYSTEM32\windows.storage.dll
0x00007ffd18900000 - 0x00007ffd18c55000 	C:\Windows\System32\combase.dll
0x00007ffd17090000 - 0x00007ffd170be000 	C:\Windows\SYSTEM32\Wldp.dll
0x00007ffd19130000 - 0x00007ffd191dd000 	C:\Windows\System32\SHCORE.dll
0x00007ffd19dc0000 - 0x00007ffd19e15000 	C:\Windows\System32\shlwapi.dll
0x00007ffd17580000 - 0x00007ffd1759f000 	C:\Windows\SYSTEM32\profapi.dll
0x00007ffcfe6f0000 - 0x00007ffcfe708000 	C:\Program Files\Java\jdk-17.0.1\bin\zip.dll
0x00007ffcfe7c0000 - 0x00007ffcfe7d9000 	C:\Program Files\Java\jdk-17.0.1\bin\net.dll
0x00007ffd11eb0000 - 0x00007ffd11fbc000 	C:\Windows\SYSTEM32\WINHTTP.dll
0x00007ffd16df0000 - 0x00007ffd16e5a000 	C:\Windows\system32\mswsock.dll
0x00007ffcfe7a0000 - 0x00007ffcfe7b5000 	C:\Program Files\Java\jdk-17.0.1\bin\nio.dll
0x00007ffcfce00000 - 0x00007ffcfce1a000 	C:\Users\Garrett\AppData\Local\JetBrains\Toolbox\apps\IDEA-C\ch-0\213.7172.25\bin\breakgen64.dll
0x00007ffcaf3d0000 - 0x00007ffcaf441000 	C:\Users\Garrett\AppData\Local\Temp\lwjglGarrett\3.3.0-build-21\lwjgl.dll
0x00007ffcc0da0000 - 0x00007ffcc0e01000 	C:\Users\Garrett\AppData\Local\Temp\lwjglGarrett\3.3.0-build-21\glfw.dll
0x00007ffcd7bc0000 - 0x00007ffcd7c05000 	C:\Windows\SYSTEM32\dinput8.dll
0x00007ffd14e30000 - 0x00007ffd14e41000 	C:\Windows\SYSTEM32\xinput1_4.dll
0x00007ffd17ec0000 - 0x00007ffd17f0e000 	C:\Windows\System32\cfgmgr32.dll
0x00007ffd17400000 - 0x00007ffd17434000 	C:\Windows\SYSTEM32\DEVOBJ.dll
0x00007ffd15260000 - 0x00007ffd1528f000 	C:\Windows\SYSTEM32\dwmapi.dll
0x00007ffd047f0000 - 0x00007ffd04942000 	C:\Windows\SYSTEM32\inputhost.dll
0x00007ffd19e20000 - 0x00007ffd19eed000 	C:\Windows\System32\OLEAUT32.dll
0x00007ffd14b70000 - 0x00007ffd14c62000 	C:\Windows\SYSTEM32\CoreMessaging.dll
0x00007ffd14140000 - 0x00007ffd14294000 	C:\Windows\SYSTEM32\wintypes.dll
0x00007ffd130a0000 - 0x00007ffd13196000 	C:\Windows\SYSTEM32\PROPSYS.dll
0x00007ffd14810000 - 0x00007ffd14b6e000 	C:\Windows\SYSTEM32\CoreUIComponents.dll
0x00007ffd16330000 - 0x00007ffd16363000 	C:\Windows\SYSTEM32\ntmarta.dll
0x00007ffd15020000 - 0x00007ffd150be000 	C:\Windows\system32\uxtheme.dll
0x00007ffd19ca0000 - 0x00007ffd19db5000 	C:\Windows\System32\MSCTF.dll
0x00007ffc7c740000 - 0x00007ffc7c865000 	C:\Windows\SYSTEM32\opengl32.dll
0x00007ffc7dcd0000 - 0x00007ffc7dcfc000 	C:\Windows\SYSTEM32\GLU32.dll
0x00007ffd19410000 - 0x00007ffd194b9000 	C:\Windows\System32\clbcatq.dll
0x00007ffc3e680000 - 0x00007ffc4163f000 	C:\Windows\System32\DriverStore\FileRepository\nv_dispi.inf_amd64_0bc9105c62ca22fb\nvoglv64.dll
0x00007ffd194f0000 - 0x00007ffd19962000 	C:\Windows\System32\SETUPAPI.dll
0x00007ffd17e00000 - 0x00007ffd17e27000 	C:\Windows\System32\bcrypt.dll
0x00007ffd17f70000 - 0x00007ffd1809a000 	C:\Windows\System32\ole32.dll
0x00007ffd13350000 - 0x00007ffd13364000 	C:\Windows\SYSTEM32\WTSAPI32.dll
0x00007ffd17000000 - 0x00007ffd1700c000 	C:\Windows\SYSTEM32\CRYPTBASE.DLL
0x00007ffd17220000 - 0x00007ffd17232000 	C:\Windows\SYSTEM32\msasn1.dll
0x00007ffd100a0000 - 0x00007ffd100d1000 	C:\Windows\SYSTEM32\cryptnet.dll
0x00007ffd17ca0000 - 0x00007ffd17df6000 	C:\Windows\System32\CRYPT32.dll
0x00007ffd0d730000 - 0x00007ffd0d87a000 	C:\Windows\SYSTEM32\drvstore.dll
0x00007ffd17f10000 - 0x00007ffd17f70000 	C:\Windows\System32\WINTRUST.dll
0x00007ffd0eb10000 - 0x00007ffd0eb4b000 	C:\Windows\SYSTEM32\dxcore.dll
0x00007ffcda770000 - 0x00007ffcdaa33000 	C:\Windows\system32\nvspcap64.dll
0x00007ffd16bb0000 - 0x00007ffd16bfb000 	C:\Windows\SYSTEM32\powrprof.dll
0x00007ffd16ab0000 - 0x00007ffd16ac2000 	C:\Windows\SYSTEM32\UMPDC.dll
0x00007ffd16730000 - 0x00007ffd1678a000 	C:\Windows\SYSTEM32\WINSTA.dll
0x00007ffcaa7c0000 - 0x00007ffcaa841000 	C:\Users\Garrett\AppData\Local\Temp\lwjglGarrett\3.3.0-build-21\lwjgl_stb.dll
0x00007ffd10560000 - 0x00007ffd1060e000 	C:\Windows\SYSTEM32\mscms.dll
0x00007ffd17540000 - 0x00007ffd1756e000 	C:\Windows\SYSTEM32\USERENV.dll
0x00007ffd10540000 - 0x00007ffd10551000 	C:\Windows\SYSTEM32\ColorAdapterClient.dll
0x00007ffc8bbb0000 - 0x00007ffc8bbf3000 	C:\Windows\SYSTEM32\icm32.dll
0x00007ffcaf500000 - 0x00007ffcaf55d000 	C:\Users\Garrett\AppData\Local\Temp\lwjglGarrett\3.3.0-build-21\lwjgl_opengl.dll
0x00007ffd01550000 - 0x00007ffd01560000 	C:\Program Files\Java\jdk-17.0.1\bin\verify.dll
0x00007ffd04980000 - 0x00007ffd04a79000 	C:\Windows\SYSTEM32\textinputframework.dll
0x00007ffc8d5d0000 - 0x00007ffc8d767000 	C:\Users\Garrett\AppData\Local\Temp\lwjglGarrett\3.3.0-build-21\OpenAL.dll
0x00007ffd0ea80000 - 0x00007ffd0eb05000 	C:\Windows\System32\MMDevApi.dll
0x00007ffd05990000 - 0x00007ffd05b11000 	C:\Windows\SYSTEM32\AUDIOSES.DLL
0x00007ffd15160000 - 0x00007ffd15174000 	C:\Windows\SYSTEM32\resourcepolicyclient.dll

dbghelp: loaded successfully - version: 4.0.5 - missing functions: none
symbol engine: initialized successfully - sym options: 0x614 - pdb path: .;C:\Program Files\Java\jdk-17.0.1\bin;C:\Windows\SYSTEM32;C:\Windows\WinSxS\amd64_microsoft.windows.common-controls_6595b64144ccf1df_6.0.19041.1110_none_60b5254171f9507e;C:\Program Files\Java\jdk-17.0.1\bin\server;C:\Users\Garrett\AppData\Local\JetBrains\Toolbox\apps\IDEA-C\ch-0\213.7172.25\bin;C:\Users\Garrett\AppData\Local\Temp\lwjglGarrett\3.3.0-build-21;C:\Windows\System32\DriverStore\FileRepository\nv_dispi.inf_amd64_0bc9105c62ca22fb

VM Arguments:
jvm_args: --enable-preview -javaagent:C:\Users\Garrett\AppData\Local\JetBrains\Toolbox\apps\IDEA-C\ch-0\213.7172.25\lib\idea_rt.jar=50995:C:\Users\Garrett\AppData\Local\JetBrains\Toolbox\apps\IDEA-C\ch-0\213.7172.25\bin -Dfile.encoding=UTF-8 
java_command: com.floober.engine.test.tests.MultiWindowTest
java_class_path (initial): C:\Users\Garrett\IdeaProjects\2D Game Engine v2\out\production\2D Game Engine v2;C:\Users\Garrett\IdeaProjects\2D Game Engine v2\lib\json\json-20180813.jar;C:\Users\Garrett\IdeaProjects\2D Game Engine v2\lib\lwjgl-release-3.3.0-custom\lwjgl.jar;C:\Users\Garrett\IdeaProjects\2D Game Engine v2\lib\lwjgl-release-3.3.0-custom\lwjgl-nfd.jar;C:\Users\Garrett\IdeaProjects\2D Game Engine v2\lib\lwjgl-release-3.3.0-custom\lwjgl-stb.jar;C:\Users\Garrett\IdeaProjects\2D Game Engine v2\lib\lwjgl-release-3.3.0-custom\lwjgl-glfw.jar;C:\Users\Garrett\IdeaProjects\2D Game Engine v2\lib\lwjgl-release-3.3.0-custom\joml-1.10.3.jar;C:\Users\Garrett\IdeaProjects\2D Game Engine v2\lib\lwjgl-release-3.3.0-custom\lwjgl-assimp.jar;C:\Users\Garrett\IdeaProjects\2D Game Engine v2\lib\lwjgl-release-3.3.0-custom\lwjgl-openal.jar;C:\Users\Garrett\IdeaProjects\2D Game Engine v2\lib\lwjgl-release-3.3.0-custom\lwjgl-opengl.jar;C:\Users\Garrett\IdeaProjects\2D Game Engine v2\lib\lwjgl-release-3.3.0-custom\lwjgl-javadoc.jar;C:\Users\Garrett\IdeaProjects\2D Game Engine v2\lib\lwjgl-release-3.3.0-custom\lwjgl-sources.jar;C:\Users\Garrett\IdeaProjects\2D Game Engine v2\lib\lwjgl-release-3.3.0-custom\lwjgl-nfd-javadoc.jar;C:\Users\Garrett\IdeaProjects\2D Game Engine v2\lib\lwjgl-release-3.3.0-custom\lwjgl-nfd-sources.jar;C:\Users\Garrett\IdeaProjects\2D Game Engine v2\lib\lwjgl-release-3.3.0-custom\lwjgl-stb-javadoc.jar;C:\Users\Garrett\IdeaProjects\2D Game Engine v2\lib\lwjgl-release-3.3.0-custom\lwjgl-stb-sources.jar;C:\Users\Garrett\IdeaProjects\2D Game Engine v2\lib\lwjgl-release-3.3.0-custom\lwjgl-glfw-javadoc.jar;C:\Users\Garrett\IdeaProjects\2D Game Engine v2\lib\lwjgl-release-3.3.0-custom\lwjgl-glfw-sources.jar;C:\Users\Garrett\IdeaProjects\2D Game Engine v2\lib\lwjgl-release-3.3.0-custom\joml-1.10.3-javadoc.jar;C:\Users\Garrett\IdeaProjects\2D Game Engine v2\lib\lwjgl-release-3.3.0-custom\joml-1.10.3-sources.jar;C:\Users\Garrett\IdeaProjects\2D Game Engine v2\lib\lwj
Launcher Type: SUN_STANDARD

[Global flags]
     intx CICompilerCount                          = 12                                        {product} {ergonomic}
     uint ConcGCThreads                            = 5                                         {product} {ergonomic}
     uint G1ConcRefinementThreads                  = 18                                        {product} {ergonomic}
   size_t G1HeapRegionSize                         = 4194304                                   {product} {ergonomic}
    uintx GCDrainStackTargetSize                   = 64                                        {product} {ergonomic}
   size_t InitialHeapSize                          = 536870912                                 {product} {ergonomic}
   size_t MarkStackSize                            = 4194304                                   {product} {ergonomic}
   size_t MaxHeapSize                              = 8573157376                                {product} {ergonomic}
   size_t MaxNewSize                               = 5142216704                                {product} {ergonomic}
   size_t MinHeapDeltaBytes                        = 4194304                                   {product} {ergonomic}
   size_t MinHeapSize                              = 8388608                                   {product} {ergonomic}
    uintx NonNMethodCodeHeapSize                   = 7602480                                {pd product} {ergonomic}
    uintx NonProfiledCodeHeapSize                  = 122027880                              {pd product} {ergonomic}
    uintx ProfiledCodeHeapSize                     = 122027880                              {pd product} {ergonomic}
    uintx ReservedCodeCacheSize                    = 251658240                              {pd product} {ergonomic}
     bool SegmentedCodeCache                       = true                                      {product} {ergonomic}
   size_t SoftMaxHeapSize                          = 8573157376                             {manageable} {ergonomic}
     bool UseCompressedClassPointers               = true                           {product lp64_product} {ergonomic}
     bool UseCompressedOops                        = true                           {product lp64_product} {ergonomic}
     bool UseG1GC                                  = true                                      {product} {ergonomic}
     bool UseLargePagesIndividualAllocation        = false                                  {pd product} {ergonomic}

Logging:
Log output configuration:
 #0: stdout all=warning uptime,level,tags
 #1: stderr all=off uptime,level,tags

Environment Variables:
JAVA_HOME=C:\Program Files\Java\jdk-17.0.1
PATH=C:\Program Files\Microsoft\jdk-11.0.12.7-hotspot\bin;C:\Program Files (x86)\Common Files\Intel\Shared Libraries\redist\intel64\compiler;C:\Windows\system32;C:\Windows;C:\Windows\System32\Wbem;C:\Windows\System32\WindowsPowerShell\v1.0\;C:\Windows\System32\OpenSSH\;C:\Program Files (x86)\NVIDIA Corporation\PhysX\Common;C:\Program Files\Java\jdk-17.0.1\bin;C:\Users\Garrett\Programs;C:\Users\Garrett\Programs\ffmpeg\bin;C:\Program Files\Git\cmd;C:\Users\Garrett\Programs;;C:\Program Files (x86)\WinMerge;C:\Program Files\NVIDIA Corporation\NVIDIA NvDLISR;C:\Program Files\dotnet\;C:\Users\Garrett\AppData\Local\Programs\Python\Python310\Scripts\;C:\Users\Garrett\AppData\Local\Programs\Python\Python310\;C:\Users\Garrett\AppData\Local\Microsoft\WindowsApps;C:\Users\Garrett\AppData\Local\Programs\Microsoft VS Code\bin;C:\Users\Garrett\.dotnet\tools
USERNAME=Garrett
OS=Windows_NT
PROCESSOR_IDENTIFIER=AMD64 Family 25 Model 33 Stepping 0, AuthenticAMD



---------------  S Y S T E M  ---------------

OS:
 Windows 10 , 64 bit Build 19041 (10.0.19041.1348)
OS uptime: 17 days 4:07 hours

CPU: total 24 (initial active 24) (24 cores per cpu, 2 threads per core) family 25 model 33 stepping 0 microcode 0x0, cx8, cmov, fxsr, ht, mmx, 3dnowpref, sse, sse2, sse3, ssse3, sse4a, sse4.1, sse4.2, popcnt, lzcnt, tsc, tscinvbit, avx, avx2, aes, erms, clmul, bmi1, bmi2, adx, sha, fma, vzeroupper, clflush, clflushopt

Memory: 4k page, system-wide physical 32692M (12546M free)
TotalPageFile size 61364M (AvailPageFile size 20551M)
current process WorkingSet (physical memory assigned to process): 179M, peak: 210M
current process commit charge ("private bytes"): 1119M, peak: 1144M

vm_info: OpenJDK 64-Bit Server VM (17.0.1+12-39) for windows-amd64 JRE (17.0.1+12-39), built on Sep 27 2021 18:39:29 by "mach5one" with MS VC++ 16.8 (VS2019)

END.
